I, [2014-10-21T19:35:16.973479 #10597]  INFO -- :   Rendered application/_expand_buttons.html.erb (0.1ms)
I, [2014-10-21T19:35:16.977671 #10597]  INFO -- :   Rendered application/_expand_buttons.html.erb (0.1ms)
I, [2014-10-21T19:35:16.980730 #10597]  INFO -- :   Rendered places/_place_details.html.erb (7.5ms)
I, [2014-10-21T19:35:16.985619 #10597]  INFO -- :   Rendered places/_show.html.erb (13.1ms)
I, [2014-10-21T19:35:16.985942 #10597]  INFO -- :   Rendered places/show.html.erb within layouts/application (13.6ms)
I, [2014-10-21T19:35:16.986851 #10597]  INFO -- :   Rendered layouts/_shim.html.erb (0.0ms)
I, [2014-10-21T19:35:16.991439 #10597]  INFO -- :   Rendered maps/_styles.html.erb (4.3ms)
I, [2014-10-21T19:35:16.994392 #10597]  INFO -- :   Rendered layouts/_header.html.erb (2.6ms)
I, [2014-10-21T19:35:16.994699 #10597]  INFO -- :   Rendered maps/_map.html.erb (0.1ms)
I, [2014-10-21T19:35:16.995311 #10597]  INFO -- : Completed 200 OK in 27ms (Views: 19.8ms | ActiveRecord: 4.5ms)
I, [2014-10-21T19:40:30.478982 #10597]  INFO -- : Started GET "/places/369" for 210.48.109.206 at 2014-10-21 19:40:30 -0400
I, [2014-10-21T19:40:30.480799 #10597]  INFO -- : Processing by PlacesController#show as HTML
I, [2014-10-21T19:40:30.480966 #10597]  INFO -- :   Parameters: {"id"=>"369"}
I, [2014-10-21T19:40:30.487337 #10597]  INFO -- :   Rendered application/_flash.html.erb (0.2ms)
I, [2014-10-21T19:40:30.490184 #10597]  INFO -- :   Rendered application/_expand_buttons.html.erb (0.1ms)
I, [2014-10-21T19:40:30.494687 #10597]  INFO -- :   Rendered application/_expand_buttons.html.erb (0.1ms)
I, [2014-10-21T19:40:30.497558 #10597]  INFO -- :   Rendered places/_place_details.html.erb (9.5ms)
I, [2014-10-21T19:40:30.502083 #10597]  INFO -- :   Rendered places/_show.html.erb (16.6ms)
I, [2014-10-21T19:40:30.502325 #10597]  INFO -- :   Rendered places/show.html.erb within layouts/application (17.9ms)
I, [2014-10-21T19:40:30.503302 #10597]  INFO -- :   Rendered layouts/_shim.html.erb (0.0ms)
I, [2014-10-21T19:40:30.507529 #10597]  INFO -- :   Rendered maps/_styles.html.erb (4.0ms)
I, [2014-10-21T19:40:30.510147 #10597]  INFO -- :   Rendered layouts/_header.html.erb (2.4ms)
I, [2014-10-21T19:40:30.510439 #10597]  INFO -- :   Rendered maps/_map.html.erb (0.1ms)
I, [2014-10-21T19:40:30.511071 #10597]  INFO -- : Completed 200 OK in 30ms (Views: 23.9ms | ActiveRecord: 4.2ms)
I, [2014-10-21T19:40:51.049349 #10597]  INFO -- : Started GET "/" for 122.56.196.243 at 2014-10-21 19:40:51 -0400
I, [2014-10-21T19:40:51.053358 #10597]  INFO -- : Processing by StaticPagesController#home as JS
I, [2014-10-21T19:40:51.063115 #10597]  INFO -- :   Rendered application/_flash.html.erb (0.4ms)
I, [2014-10-21T19:40:51.063716 #10597]  INFO -- :   Rendered application/_flash.html.erb (0.0ms)
I, [2014-10-21T19:40:51.064231 #10597]  INFO -- :   Rendered search/_search.html.erb (0.7ms)
I, [2014-10-21T19:40:51.070193 #10597]  INFO -- :   Rendered reports/_index_details.html.erb (3.9ms)
I, [2014-10-21T19:40:51.079630 #10597]  INFO -- :   Rendered trips/_index_details.html.erb (8.0ms)
I, [2014-10-21T19:40:51.106691 #10597]  INFO -- :   Rendered routes/_index_details.html.erb (3.7ms)
I, [2014-10-21T19:40:51.107186 #10597]  INFO -- :   Rendered static_pages/_home.html.erb (44.6ms)
I, [2014-10-21T19:40:51.107988 #10597]  INFO -- :   Rendered static_pages/home.js.erb (45.6ms)
I, [2014-10-21T19:40:51.108444 #10597]  INFO -- : Completed 200 OK in 55ms (Views: 34.5ms | ActiveRecord: 14.8ms)
I, [2014-10-21T19:41:11.342250 #10597]  INFO -- : Started POST "/search" for 122.56.196.243 at 2014-10-21 19:41:11 -0400
I, [2014-10-21T19:41:11.344823 #10597]  INFO -- : Processing by SearchController#searchresults as JS
I, [2014-10-21T19:41:11.345013 #10597]  INFO -- :   Parameters: {"utf8"=>"✓", "route_startplace_id"=>"1037", "route_startplace_location"=>"POINT(174.90582218415813 -41.28057326352394)", "route_endplace_id"=>"1025", "route_endplace_location"=>"POINT(175.04682637646988 -41.31692120550513)", "route_location"=>"", "commit"=>"Find"}
I, [2014-10-21T19:41:11.372354 #10597]  INFO -- :   Rendered application/_flash.html.erb (0.5ms)
I, [2014-10-21T19:41:11.373017 #10597]  INFO -- :   Rendered search/_search.html.erb (1.4ms)
I, [2014-10-21T19:41:11.373462 #10597]  INFO -- :   Rendered search/search.js.erb (2.6ms)
I, [2014-10-21T19:41:11.373886 #10597]  INFO -- : Completed 200 OK in 29ms (Views: 5.7ms | ActiveRecord: 6.4ms)
I, [2014-10-21T19:41:15.021779 #10597]  INFO -- : Started GET "/site_index" for 66.249.71.241 at 2014-10-21 19:41:15 -0400
I, [2014-10-21T19:41:15.025627 #10597]  INFO -- : Processing by RoutesController#site_index as */*
I, [2014-10-21T19:41:15.051974 #10597]  INFO -- :   Rendered application/_flash.html.erb (0.4ms)
I, [2014-10-21T19:41:20.601673 #10597]  INFO -- :   Rendered routes/_site_index.html.erb (5556.6ms)
I, [2014-10-21T19:41:20.602780 #10597]  INFO -- :   Rendered routes/site_index.html.erb within layouts/application (5565.3ms)
I, [2014-10-21T19:41:20.604130 #10597]  INFO -- :   Rendered layouts/_shim.html.erb (0.1ms)
I, [2014-10-21T19:41:20.609035 #10597]  INFO -- :   Rendered maps/_styles.html.erb (4.6ms)
I, [2014-10-21T19:41:20.612032 #10597]  INFO -- :   Rendered layouts/_header.html.erb (2.7ms)
I, [2014-10-21T19:41:20.612376 #10597]  INFO -- :   Rendered maps/_map.html.erb (0.1ms)
I, [2014-10-21T19:41:20.613796 #10597]  INFO -- : Completed 200 OK in 5588ms (Views: 5155.0ms | ActiveRecord: 429.4ms)
I, [2014-10-21T19:41:21.736784 #10597]  INFO -- : Started GET "/" for 122.56.196.243 at 2014-10-21 19:41:21 -0400
I, [2014-10-21T19:41:21.739449 #10597]  INFO -- : Processing by StaticPagesController#home as JS
I, [2014-10-21T19:41:21.751842 #10597]  INFO -- :   Rendered application/_flash.html.erb (0.8ms)
I, [2014-10-21T19:41:21.753206 #10597]  INFO -- :   Rendered application/_flash.html.erb (0.1ms)
I, [2014-10-21T19:41:21.754200 #10597]  INFO -- :   Rendered search/_search.html.erb (1.3ms)
I, [2014-10-21T19:41:21.767477 #10597]  INFO -- :   Rendered reports/_index_details.html.erb (8.5ms)
I, [2014-10-21T19:41:21.787580 #10597]  INFO -- :   Rendered trips/_index_details.html.erb (17.0ms)
I, [2014-10-21T19:41:21.849517 #10597]  INFO -- :   Rendered routes/_index_details.html.erb (7.2ms)
I, [2014-10-21T19:41:21.850316 #10597]  INFO -- :   Rendered static_pages/_home.html.erb (99.6ms)
I, [2014-10-21T19:41:21.852007 #10597]  INFO -- :   Rendered static_pages/home.js.erb (101.7ms)
I, [2014-10-21T19:41:21.852790 #10597]  INFO -- : Completed 200 OK in 113ms (Views: 75.4ms | ActiveRecord: 31.2ms)
I, [2014-10-21T19:41:35.026452 #10597]  INFO -- : Started POST "/search" for 122.56.196.243 at 2014-10-21 19:41:35 -0400
I, [2014-10-21T19:41:35.028884 #10597]  INFO -- : Processing by SearchController#searchresults as JS
I, [2014-10-21T19:41:35.029092 #10597]  INFO -- :   Parameters: {"utf8"=>"✓", "route_startplace_id"=>"1048", "route_startplace_location"=>"POINT(175.25089787641178 -41.089454136253124)", "route_endplace_id"=>"1023", "route_endplace_location"=>"POINT(175.121277641555 -41.20855869807111)", "route_location"=>"", "commit"=>"Find"}
I, [2014-10-21T19:41:35.105041 #10597]  INFO -- :   Rendered application/_flash.html.erb (0.4ms)
I, [2014-10-21T19:41:35.117109 #10597]  INFO -- :   Rendered application/_expand_buttons.html.erb (0.1ms)
I, [2014-10-21T19:41:35.119688 #10597]  INFO -- :   Rendered application/_expand_buttons.html.erb (0.1ms)
I, [2014-10-21T19:41:35.138878 #10597]  INFO -- :   Rendered routes/_route_details.html.erb (24.6ms)
I, [2014-10-21T19:41:35.143406 #10597]  INFO -- :   Rendered application/_expand_buttons.html.erb (0.1ms)
I, [2014-10-21T19:41:35.144174 #10597]  INFO -- :   Rendered application/_expand_buttons.html.erb (0.1ms)
I, [2014-10-21T19:41:35.158090 #10597]  INFO -- :   Rendered routes/_route_details.html.erb (14.9ms)
I, [2014-10-21T19:41:35.161906 #10597]  INFO -- :   Rendered application/_expand_buttons.html.erb (0.1ms)
I, [2014-10-21T19:41:35.162585 #10597]  INFO -- :   Rendered application/_expand_buttons.html.erb (0.1ms)
I, [2014-10-21T19:41:35.175602 #10597]  INFO -- :   Rendered routes/_route_details.html.erb (13.9ms)
I, [2014-10-21T19:41:35.181542 #10597]  INFO -- :   Rendered application/_expand_buttons.html.erb (0.1ms)
I, [2014-10-21T19:41:35.182239 #10597]  INFO -- :   Rendered application/_expand_buttons.html.erb (0.1ms)
I, [2014-10-21T19:41:35.195825 #10597]  INFO -- :   Rendered routes/_route_details.html.erb (14.5ms)
I, [2014-10-21T19:41:35.197342 #10597]  INFO -- :   Rendered application/_expand_buttons.html.erb (0.1ms)
I, [2014-10-21T19:41:35.199162 #10597]  INFO -- :   Rendered application/_expand_buttons.html.erb (0.1ms)
I, [2014-10-21T19:41:35.211852 #10597]  INFO -- :   Rendered routes/_route_details.html.erb (14.7ms)
I, [2014-10-21T19:41:35.214304 #10597]  INFO -- :   Rendered application/_expand_buttons.html.erb (0.1ms)
I, [2014-10-21T19:41:35.216184 #10597]  INFO -- :   Rendered application/_expand_buttons.html.erb (0.1ms)
I, [2014-10-21T19:41:35.399413 #10597]  INFO -- :   Rendered routes/_route_details.html.erb (185.2ms)
I, [2014-10-21T19:41:35.400154 #10597]  INFO -- :   Rendered search/_search_details.html.erb (291.6ms)
I, [2014-10-21T19:41:35.400361 #10597]  INFO -- :   Rendered search/_search.html.erb (295.9ms)
I, [2014-10-21T19:41:35.403082 #10597]  INFO -- :   Rendered search/search.js.erb (298.8ms)
I, [2014-10-21T19:41:35.403642 #10597]  INFO -- : Completed 200 OK in 374ms (Views: 283.9ms | ActiveRecord: 34.4ms)
I, [2014-10-21T19:42:01.461285 #10597]  INFO -- : Started GET "/trips" for 122.56.196.243 at 2014-10-21 19:42:01 -0400
I, [2014-10-21T19:42:01.467664 #10597]  INFO -- : Processing by TripsController#index as JS
I, [2014-10-21T19:42:01.509922 #10597]  INFO -- :   Rendered application/_flash.html.erb (0.7ms)
I, [2014-10-21T19:42:01.551035 #10597]  INFO -- :   Rendered trips/_index.html.erb (49.2ms)
I, [2014-10-21T19:42:01.552564 #10597]  INFO -- :   Rendered trips/index.js.erb (58.0ms)
I, [2014-10-21T19:42:01.553458 #10597]  INFO -- : Completed 200 OK in 85ms (Views: 55.1ms | ActiveRecord: 17.8ms)
I, [2014-10-21T19:42:09.046164 #10597]  INFO -- : Started GET "/trips/15" for 122.56.196.243 at 2014-10-21 19:42:09 -0400
I, [2014-10-21T19:42:09.050208 #10597]  INFO -- : Processing by TripsController#show as JS
I, [2014-10-21T19:42:09.050392 #10597]  INFO -- :   Parameters: {"id"=>"15"}
I, [2014-10-21T19:42:09.083991 #10597]  INFO -- :   Rendered application/_flash.html.erb (0.8ms)
I, [2014-10-21T19:42:09.159505 #10597]  INFO -- :   Rendered application/_expand_buttons.html.erb (0.4ms)
I, [2014-10-21T19:42:09.162062 #10597]  INFO -- :   Rendered application/_expand_buttons.html.erb (0.2ms)
I, [2014-10-21T19:42:09.203861 #10597]  INFO -- :   Rendered routes/_route_details.html.erb (50.4ms)
I, [2014-10-21T19:42:09.214536 #10597]  INFO -- :   Rendered application/_expand_buttons.html.erb (0.2ms)
I, [2014-10-21T19:42:09.216030 #10597]  INFO -- :   Rendered application/_expand_buttons.html.erb (0.2ms)
I, [2014-10-21T19:42:09.247461 #10597]  INFO -- :   Rendered routes/_route_details.html.erb (33.3ms)
I, [2014-10-21T19:42:09.250608 #10597]  INFO -- :   Rendered application/_expand_buttons.html.erb (0.2ms)
I, [2014-10-21T19:42:09.255046 #10597]  INFO -- :   Rendered application/_expand_buttons.html.erb (0.2ms)
I, [2014-10-21T19:42:09.282461 #10597]  INFO -- :   Rendered routes/_route_details.html.erb (32.3ms)
I, [2014-10-21T19:42:09.285369 #10597]  INFO -- :   Rendered application/_expand_buttons.html.erb (0.2ms)
I, [2014-10-21T19:42:09.289633 #10597]  INFO -- :   Rendered application/_expand_buttons.html.erb (0.2ms)
I, [2014-10-21T19:42:09.322741 #10597]  INFO -- :   Rendered routes/_route_details.html.erb (37.7ms)
I, [2014-10-21T19:42:09.325485 #10597]  INFO -- :   Rendered application/_expand_buttons.html.erb (0.2ms)
I, [2014-10-21T19:42:09.329706 #10597]  INFO -- :   Rendered application/_expand_buttons.html.erb (0.2ms)
I, [2014-10-21T19:42:09.357123 #10597]  INFO -- :   Rendered routes/_route_details.html.erb (32.0ms)
I, [2014-10-21T19:42:09.360229 #10597]  INFO -- :   Rendered application/_expand_buttons.html.erb (0.3ms)
I, [2014-10-21T19:42:09.364454 #10597]  INFO -- :   Rendered application/_expand_buttons.html.erb (0.2ms)
I, [2014-10-21T19:42:09.393825 #10597]  INFO -- :   Rendered routes/_route_details.html.erb (34.2ms)
I, [2014-10-21T19:42:09.396684 #10597]  INFO -- :   Rendered application/_expand_buttons.html.erb (0.2ms)
I, [2014-10-21T19:42:09.400881 #10597]  INFO -- :   Rendered application/_expand_buttons.html.erb (0.2ms)
I, [2014-10-21T19:42:09.430374 #10597]  INFO -- :   Rendered routes/_route_details.html.erb (34.1ms)
I, [2014-10-21T19:42:09.433062 #10597]  INFO -- :   Rendered application/_expand_buttons.html.erb (0.2ms)
I, [2014-10-21T19:42:09.437222 #10597]  INFO -- :   Rendered application/_expand_buttons.html.erb (0.2ms)
I, [2014-10-21T19:42:09.467021 #10597]  INFO -- :   Rendered routes/_route_details.html.erb (34.3ms)
I, [2014-10-21T19:42:09.469760 #10597]  INFO -- :   Rendered application/_expand_buttons.html.erb (0.2ms)
I, [2014-10-21T19:42:09.474849 #10597]  INFO -- :   Rendered application/_expand_buttons.html.erb (0.2ms)
I, [2014-10-21T19:42:09.502683 #10597]  INFO -- :   Rendered routes/_route_details.html.erb (33.3ms)
I, [2014-10-21T19:42:09.505506 #10597]  INFO -- :   Rendered application/_expand_buttons.html.erb (0.2ms)
I, [2014-10-21T19:42:09.509756 #10597]  INFO -- :   Rendered application/_expand_buttons.html.erb (0.2ms)
I, [2014-10-21T19:42:09.537051 #10597]  INFO -- :   Rendered routes/_route_details.html.erb (31.9ms)
I, [2014-10-21T19:42:09.539684 #10597]  INFO -- :   Rendered application/_expand_buttons.html.erb (0.2ms)
I, [2014-10-21T19:42:09.543923 #10597]  INFO -- :   Rendered application/_expand_buttons.html.erb (0.2ms)
I, [2014-10-21T19:42:09.570360 #10597]  INFO -- :   Rendered routes/_route_details.html.erb (31.0ms)
I, [2014-10-21T19:42:09.578039 #10597]  INFO -- :   Rendered application/_expand_buttons.html.erb (0.2ms)
I, [2014-10-21T19:42:09.673447 #10597]  INFO -- :   Rendered application/_expand_buttons.html.erb (0.3ms)
I, [2014-10-21T19:42:09.706781 #10597]  INFO -- :   Rendered routes/_route_details.html.erb (129.2ms)
I, [2014-10-21T19:42:09.708337 #10597]  INFO -- :   Rendered application/_expand_buttons.html.erb (0.1ms)
I, [2014-10-21T19:42:09.710624 #10597]  INFO -- :   Rendered application/_expand_buttons.html.erb (0.1ms)
I, [2014-10-21T19:42:09.723053 #10597]  INFO -- :   Rendered routes/_route_details.html.erb (14.9ms)
I, [2014-10-21T19:42:09.724327 #10597]  INFO -- :   Rendered application/_expand_buttons.html.erb (0.1ms)
I, [2014-10-21T19:42:09.726259 #10597]  INFO -- :   Rendered application/_expand_buttons.html.erb (0.1ms)
I, [2014-10-21T19:42:09.738405 #10597]  INFO -- :   Rendered routes/_route_details.html.erb (14.3ms)
I, [2014-10-21T19:42:09.739614 #10597]  INFO -- :   Rendered application/_expand_buttons.html.erb (0.1ms)
I, [2014-10-21T19:42:09.741496 #10597]  INFO -- :   Rendered application/_expand_buttons.html.erb (0.1ms)
I, [2014-10-21T19:42:09.754027 #10597]  INFO -- :   Rendered routes/_route_details.html.erb (14.6ms)
I, [2014-10-21T19:42:09.755345 #10597]  INFO -- :   Rendered application/_expand_buttons.html.erb (0.1ms)
I, [2014-10-21T19:42:09.757350 #10597]  INFO -- :   Rendered application/_expand_buttons.html.erb (0.1ms)
I, [2014-10-21T19:42:09.769833 #10597]  INFO -- :   Rendered routes/_route_details.html.erb (14.7ms)
I, [2014-10-21T19:42:09.770730 #10597]  INFO -- :   Rendered trips/_show.html.erb (693.4ms)
I, [2014-10-21T19:42:09.777001 #10597]  INFO -- :   Rendered trips/show.js.erb (708.5ms)
I, [2014-10-21T19:42:09.777442 #10597]  INFO -- : Completed 200 OK in 727ms (Views: 642.4ms | ActiveRecord: 76.2ms)
I, [2014-10-21T19:42:39.433617 #10597]  INFO -- : Started GET "/forums" for 122.56.196.243 at 2014-10-21 19:42:39 -0400
I, [2014-10-21T19:42:39.437245 #10597]  INFO -- : Processing by ForumsController#index as JS
I, [2014-10-21T19:42:39.491719 #10597]  INFO -- :   Rendered application/_flash.html.erb (0.4ms)
I, [2014-10-21T19:42:39.498378 #10597]  INFO -- :   Rendered forums/_message_details_brief.html.erb (3.3ms)
I, [2014-10-21T19:42:39.499907 #10597]  INFO -- :   Rendered forums/_message_details_brief.html.erb (1.2ms)
I, [2014-10-21T19:42:39.501045 #10597]  INFO -- :   Rendered forums/_message_details_brief.html.erb (0.9ms)
I, [2014-10-21T19:42:39.502217 #10597]  INFO -- :   Rendered forums/_message_details_brief.html.erb (0.9ms)
I, [2014-10-21T19:42:39.503422 #10597]  INFO -- :   Rendered forums/_message_details_brief.html.erb (0.9ms)
I, [2014-10-21T19:42:39.504526 #10597]  INFO -- :   Rendered forums/_message_details_brief.html.erb (0.8ms)
I, [2014-10-21T19:42:39.505630 #10597]  INFO -- :   Rendered forums/_message_details_brief.html.erb (0.8ms)
I, [2014-10-21T19:42:39.506770 #10597]  INFO -- :   Rendered forums/_message_details_brief.html.erb (0.9ms)
I, [2014-10-21T19:42:39.507884 #10597]  INFO -- :   Rendered forums/_message_details_brief.html.erb (0.8ms)
I, [2014-10-21T19:42:39.508940 #10597]  INFO -- :   Rendered forums/_message_details_brief.html.erb (0.8ms)
I, [2014-10-21T19:42:39.510022 #10597]  INFO -- :   Rendered forums/_message_details_brief.html.erb (0.8ms)
I, [2014-10-21T19:42:39.511194 #10597]  INFO -- :   Rendered forums/_message_details_brief.html.erb (0.9ms)
I, [2014-10-21T19:42:39.515679 #10597]  INFO -- :   Rendered shared/_error_messages.html.erb (0.1ms)
I, [2014-10-21T19:42:39.519043 #10597]  INFO -- :   Rendered forums/_message_form.html.erb (4.8ms)
I, [2014-10-21T19:42:39.519243 #10597]  INFO -- :   Rendered forums/_show.html.erb (31.1ms)
I, [2014-10-21T19:42:39.519921 #10597]  INFO -- :   Rendered forums/show.js.erb (35.1ms)
I, [2014-10-21T19:42:39.520325 #10597]  INFO -- : Completed 200 OK in 83ms (Views: 39.5ms | ActiveRecord: 15.5ms)
I, [2014-10-21T19:42:40.073895 #10597]  INFO -- : Started GET "/search/?route_startplace_id=1138&route_endplace_id=974" for 188.165.15.64 at 2014-10-21 19:42:40 -0400
I, [2014-10-21T19:42:40.076487 #10597]  INFO -- : Processing by SearchController#search as */*
I, [2014-10-21T19:42:40.076661 #10597]  INFO -- :   Parameters: {"route_startplace_id"=>"1138", "route_endplace_id"=>"974"}
I, [2014-10-21T19:42:40.657749 #10597]  INFO -- :   Rendered application/_flash.html.erb (0.3ms)
I, [2014-10-21T19:42:40.669957 #10597]  INFO -- :   Rendered application/_expand_buttons.html.erb (0.2ms)
I, [2014-10-21T19:42:40.675958 #10597]  INFO -- :   Rendered application/_expand_buttons.html.erb (0.2ms)
I, [2014-10-21T19:42:40.719653 #10597]  INFO -- :   Rendered routes/_route_details.html.erb (50.1ms)
I, [2014-10-21T19:42:40.723450 #10597]  INFO -- :   Rendered application/_expand_buttons.html.erb (0.2ms)
I, [2014-10-21T19:42:40.728463 #10597]  INFO -- :   Rendered application/_expand_buttons.html.erb (0.2ms)
I, [2014-10-21T19:42:40.859850 #10597]  INFO -- :   Rendered routes/_route_details.html.erb (136.9ms)
I, [2014-10-21T19:42:40.864095 #10597]  INFO -- :   Rendered application/_expand_buttons.html.erb (0.3ms)
I, [2014-10-21T19:42:40.868766 #10597]  INFO -- :   Rendered application/_expand_buttons.html.erb (0.2ms)
I, [2014-10-21T19:42:40.895669 #10597]  INFO -- :   Rendered routes/_route_details.html.erb (32.1ms)
I, [2014-10-21T19:42:40.898867 #10597]  INFO -- :   Rendered application/_expand_buttons.html.erb (0.2ms)
I, [2014-10-21T19:42:40.903445 #10597]  INFO -- :   Rendered application/_expand_buttons.html.erb (0.2ms)
I, [2014-10-21T19:42:40.932197 #10597]  INFO -- :   Rendered routes/_route_details.html.erb (33.7ms)
I, [2014-10-21T19:42:40.935331 #10597]  INFO -- :   Rendered application/_expand_buttons.html.erb (0.2ms)
I, [2014-10-21T19:42:40.939891 #10597]  INFO -- :   Rendered application/_expand_buttons.html.erb (0.2ms)
I, [2014-10-21T19:42:40.966445 #10597]  INFO -- :   Rendered routes/_route_details.html.erb (31.6ms)
I, [2014-10-21T19:42:40.969802 #10597]  INFO -- :   Rendered application/_expand_buttons.html.erb (0.2ms)
I, [2014-10-21T19:42:40.974299 #10597]  INFO -- :   Rendered application/_expand_buttons.html.erb (0.2ms)
I, [2014-10-21T19:42:41.003475 #10597]  INFO -- :   Rendered routes/_route_details.html.erb (34.1ms)
I, [2014-10-21T19:42:41.008159 #10597]  INFO -- :   Rendered application/_expand_buttons.html.erb (0.4ms)
I, [2014-10-21T19:42:41.013346 #10597]  INFO -- :   Rendered application/_expand_buttons.html.erb (0.2ms)
I, [2014-10-21T19:42:41.069080 #10597]  INFO -- :   Rendered routes/_route_details.html.erb (61.7ms)
I, [2014-10-21T19:42:41.073136 #10597]  INFO -- :   Rendered application/_expand_buttons.html.erb (0.2ms)
I, [2014-10-21T19:42:41.078527 #10597]  INFO -- :   Rendered application/_expand_buttons.html.erb (0.2ms)
I, [2014-10-21T19:42:41.111869 #10597]  INFO -- :   Rendered routes/_route_details.html.erb (39.1ms)
I, [2014-10-21T19:42:41.115251 #10597]  INFO -- :   Rendered application/_expand_buttons.html.erb (0.3ms)
I, [2014-10-21T19:42:41.120032 #10597]  INFO -- :   Rendered application/_expand_buttons.html.erb (0.3ms)
I, [2014-10-21T19:42:41.148334 #10597]  INFO -- :   Rendered routes/_route_details.html.erb (33.6ms)
I, [2014-10-21T19:42:41.151962 #10597]  INFO -- :   Rendered application/_expand_buttons.html.erb (0.3ms)
I, [2014-10-21T19:42:41.158193 #10597]  INFO -- :   Rendered application/_expand_buttons.html.erb (0.3ms)
I, [2014-10-21T19:42:41.186386 #10597]  INFO -- :   Rendered routes/_route_details.html.erb (34.9ms)
I, [2014-10-21T19:42:41.195130 #10597]  INFO -- :   Rendered application/_expand_buttons.html.erb (0.2ms)
I, [2014-10-21T19:42:41.197375 #10597]  INFO -- :   Rendered application/_expand_buttons.html.erb (0.2ms)
I, [2014-10-21T19:42:41.215346 #10597]  INFO -- :   Rendered routes/_route_details.html.erb (20.7ms)
I, [2014-10-21T19:42:41.215770 #10597]  INFO -- :   Rendered search/_search_details.html.erb (554.5ms)
I, [2014-10-21T19:42:41.219544 #10597]  INFO -- :   Rendered application/_expand_buttons.html.erb (0.1ms)
I, [2014-10-21T19:42:41.221701 #10597]  INFO -- :   Rendered application/_expand_buttons.html.erb (0.1ms)
I, [2014-10-21T19:42:41.237063 #10597]  INFO -- :   Rendered routes/_route_details.html.erb (17.7ms)
I, [2014-10-21T19:42:41.238218 #10597]  INFO -- :   Rendered application/_expand_buttons.html.erb (0.1ms)
I, [2014-10-21T19:42:41.240383 #10597]  INFO -- :   Rendered application/_expand_buttons.html.erb (0.1ms)
I, [2014-10-21T19:42:41.252137 #10597]  INFO -- :   Rendered routes/_route_details.html.erb (14.1ms)
I, [2014-10-21T19:42:41.253456 #10597]  INFO -- :   Rendered application/_expand_buttons.html.erb (0.1ms)
I, [2014-10-21T19:42:41.255549 #10597]  INFO -- :   Rendered application/_expand_buttons.html.erb (0.1ms)
I, [2014-10-21T19:42:41.266855 #10597]  INFO -- :   Rendered routes/_route_details.html.erb (13.6ms)
I, [2014-10-21T19:42:41.268043 #10597]  INFO -- :   Rendered application/_expand_buttons.html.erb (0.1ms)
I, [2014-10-21T19:42:41.270138 #10597]  INFO -- :   Rendered application/_expand_buttons.html.erb (0.1ms)
I, [2014-10-21T19:42:41.281792 #10597]  INFO -- :   Rendered routes/_route_details.html.erb (14.0ms)
I, [2014-10-21T19:42:41.282925 #10597]  INFO -- :   Rendered application/_expand_buttons.html.erb (0.1ms)
I, [2014-10-21T19:42:41.285009 #10597]  INFO -- :   Rendered application/_expand_buttons.html.erb (0.1ms)
I, [2014-10-21T19:42:41.296564 #10597]  INFO -- :   Rendered routes/_route_details.html.erb (13.8ms)
I, [2014-10-21T19:42:41.297748 #10597]  INFO -- :   Rendered application/_expand_buttons.html.erb (0.1ms)
I, [2014-10-21T19:42:41.299887 #10597]  INFO -- :   Rendered application/_expand_buttons.html.erb (0.1ms)
I, [2014-10-21T19:42:41.312014 #10597]  INFO -- :   Rendered routes/_route_details.html.erb (14.5ms)
I, [2014-10-21T19:42:41.313085 #10597]  INFO -- :   Rendered application/_expand_buttons.html.erb (0.1ms)
I, [2014-10-21T19:42:41.315173 #10597]  INFO -- :   Rendered application/_expand_buttons.html.erb (0.1ms)
I, [2014-10-21T19:42:41.326537 #10597]  INFO -- :   Rendered routes/_route_details.html.erb (13.6ms)
I, [2014-10-21T19:42:41.327780 #10597]  INFO -- :   Rendered application/_expand_buttons.html.erb (0.1ms)
I, [2014-10-21T19:42:41.329697 #10597]  INFO -- :   Rendered application/_expand_buttons.html.erb (0.1ms)
I, [2014-10-21T19:42:41.341553 #10597]  INFO -- :   Rendered routes/_route_details.html.erb (14.0ms)
I, [2014-10-21T19:42:41.342540 #10597]  INFO -- :   Rendered application/_expand_buttons.html.erb (0.1ms)
I, [2014-10-21T19:42:41.344574 #10597]  INFO -- :   Rendered application/_expand_buttons.html.erb (0.1ms)
I, [2014-10-21T19:42:41.355986 #10597]  INFO -- :   Rendered routes/_route_details.html.erb (13.6ms)
I, [2014-10-21T19:42:41.357673 #10597]  INFO -- :   Rendered application/_expand_buttons.html.erb (0.1ms)
I, [2014-10-21T19:42:41.359636 #10597]  INFO -- :   Rendered application/_expand_buttons.html.erb (0.1ms)
I, [2014-10-21T19:42:41.371484 #10597]  INFO -- :   Rendered routes/_route_details.html.erb (14.0ms)
I, [2014-10-21T19:42:41.374537 #10597]  INFO -- :   Rendered application/_expand_buttons.html.erb (0.1ms)
I, [2014-10-21T19:42:41.375575 #10597]  INFO -- :   Rendered application/_expand_buttons.html.erb (0.1ms)
I, [2014-10-21T19:42:41.389009 #10597]  INFO -- :   Rendered routes/_route_details.html.erb (14.7ms)
I, [2014-10-21T19:42:41.392969 #10597]  INFO -- :   Rendered application/_expand_buttons.html.erb (0.1ms)
I, [2014-10-21T19:42:41.393956 #10597]  INFO -- :   Rendered application/_expand_buttons.html.erb (0.1ms)
I, [2014-10-21T19:42:41.407375 #10597]  INFO -- :   Rendered routes/_route_details.html.erb (14.6ms)
I, [2014-10-21T19:42:41.410838 #10597]  INFO -- :   Rendered application/_expand_buttons.html.erb (0.1ms)
I, [2014-10-21T19:42:41.411838 #10597]  INFO -- :   Rendered application/_expand_buttons.html.erb (0.1ms)
I, [2014-10-21T19:42:41.423889 #10597]  INFO -- :   Rendered routes/_route_details.html.erb (13.2ms)
I, [2014-10-21T19:42:41.424260 #10597]  INFO -- :   Rendered search/_search_details.html.erb (208.1ms)
I, [2014-10-21T19:42:41.427565 #10597]  INFO -- :   Rendered application/_expand_buttons.html.erb (0.1ms)
I, [2014-10-21T19:42:41.428576 #10597]  INFO -- :   Rendered application/_expand_buttons.html.erb (0.1ms)
I, [2014-10-21T19:42:41.440040 #10597]  INFO -- :   Rendered routes/_route_details.html.erb (12.7ms)
I, [2014-10-21T19:42:41.510192 #10597]  INFO -- :   Rendered application/_expand_buttons.html.erb (0.1ms)
I, [2014-10-21T19:42:41.511549 #10597]  INFO -- :   Rendered application/_expand_buttons.html.erb (0.1ms)
I, [2014-10-21T19:42:41.525251 #10597]  INFO -- :   Rendered routes/_route_details.html.erb (15.3ms)
I, [2014-10-21T19:42:41.529284 #10597]  INFO -- :   Rendered application/_expand_buttons.html.erb (0.1ms)
I, [2014-10-21T19:42:41.530237 #10597]  INFO -- :   Rendered application/_expand_buttons.html.erb (0.1ms)
I, [2014-10-21T19:42:41.544423 #10597]  INFO -- :   Rendered routes/_route_details.html.erb (15.3ms)
I, [2014-10-21T19:42:41.547693 #10597]  INFO -- :   Rendered application/_expand_buttons.html.erb (0.1ms)
I, [2014-10-21T19:42:41.548850 #10597]  INFO -- :   Rendered application/_expand_buttons.html.erb (0.1ms)
I, [2014-10-21T19:42:41.563164 #10597]  INFO -- :   Rendered routes/_route_details.html.erb (15.7ms)
I, [2014-10-21T19:42:41.564660 #10597]  INFO -- :   Rendered application/_expand_buttons.html.erb (0.1ms)
I, [2014-10-21T19:42:41.566844 #10597]  INFO -- :   Rendered application/_expand_buttons.html.erb (0.1ms)
I, [2014-10-21T19:42:41.580224 #10597]  INFO -- :   Rendered routes/_route_details.html.erb (15.8ms)
I, [2014-10-21T19:42:41.581722 #10597]  INFO -- :   Rendered application/_expand_buttons.html.erb (0.1ms)
I, [2014-10-21T19:42:41.584785 #10597]  INFO -- :   Rendered application/_expand_buttons.html.erb (0.1ms)
I, [2014-10-21T19:42:41.598514 #10597]  INFO -- :   Rendered routes/_route_details.html.erb (17.0ms)
I, [2014-10-21T19:42:41.599964 #10597]  INFO -- :   Rendered application/_expand_buttons.html.erb (0.1ms)
I, [2014-10-21T19:42:41.602045 #10597]  INFO -- :   Rendered application/_expand_buttons.html.erb (0.1ms)
I, [2014-10-21T19:42:41.615761 #10597]  INFO -- :   Rendered routes/_route_details.html.erb (16.0ms)
I, [2014-10-21T19:42:41.617270 #10597]  INFO -- :   Rendered application/_expand_buttons.html.erb (0.1ms)
I, [2014-10-21T19:42:41.619360 #10597]  INFO -- :   Rendered application/_expand_buttons.html.erb (0.1ms)
I, [2014-10-21T19:42:41.632707 #10597]  INFO -- :   Rendered routes/_route_details.html.erb (15.6ms)
I, [2014-10-21T19:42:41.634168 #10597]  INFO -- :   Rendered application/_expand_buttons.html.erb (0.1ms)
I, [2014-10-21T19:42:41.636307 #10597]  INFO -- :   Rendered application/_expand_buttons.html.erb (0.1ms)
I, [2014-10-21T19:42:41.649574 #10597]  INFO -- :   Rendered routes/_route_details.html.erb (15.6ms)
I, [2014-10-21T19:42:41.651227 #10597]  INFO -- :   Rendered application/_expand_buttons.html.erb (0.1ms)
I, [2014-10-21T19:42:41.653338 #10597]  INFO -- :   Rendered application/_expand_buttons.html.erb (0.1ms)
I, [2014-10-21T19:42:41.665975 #10597]  INFO -- :   Rendered routes/_route_details.html.erb (14.9ms)
I, [2014-10-21T19:42:41.667054 #10597]  INFO -- :   Rendered application/_expand_buttons.html.erb (0.1ms)
I, [2014-10-21T19:42:41.669088 #10597]  INFO -- :   Rendered application/_expand_buttons.html.erb (0.1ms)
I, [2014-10-21T19:42:41.680607 #10597]  INFO -- :   Rendered routes/_route_details.html.erb (13.8ms)
I, [2014-10-21T19:42:41.681822 #10597]  INFO -- :   Rendered application/_expand_buttons.html.erb (0.1ms)
I, [2014-10-21T19:42:41.683944 #10597]  INFO -- :   Rendered application/_expand_buttons.html.erb (0.1ms)
I, [2014-10-21T19:42:41.696365 #10597]  INFO -- :   Rendered routes/_route_details.html.erb (14.7ms)
I, [2014-10-21T19:42:41.700057 #10597]  INFO -- :   Rendered application/_expand_buttons.html.erb (0.1ms)
I, [2014-10-21T19:42:41.700959 #10597]  INFO -- :   Rendered application/_expand_buttons.html.erb (0.1ms)
I, [2014-10-21T19:42:41.713365 #10597]  INFO -- :   Rendered routes/_route_details.html.erb (13.5ms)
I, [2014-10-21T19:42:41.713732 #10597]  INFO -- :   Rendered search/_search_details.html.erb (289.2ms)
I, [2014-10-21T19:42:41.716855 #10597]  INFO -- :   Rendered application/_expand_buttons.html.erb (0.1ms)
I, [2014-10-21T19:42:41.717779 #10597]  INFO -- :   Rendered application/_expand_buttons.html.erb (0.1ms)
I, [2014-10-21T19:42:41.729505 #10597]  INFO -- :   Rendered routes/_route_details.html.erb (12.9ms)
I, [2014-10-21T19:42:41.733446 #10597]  INFO -- :   Rendered application/_expand_buttons.html.erb (0.1ms)
I, [2014-10-21T19:42:41.734418 #10597]  INFO -- :   Rendered application/_expand_buttons.html.erb (0.1ms)
I, [2014-10-21T19:42:41.746548 #10597]  INFO -- :   Rendered routes/_route_details.html.erb (13.3ms)
I, [2014-10-21T19:42:41.749777 #10597]  INFO -- :   Rendered application/_expand_buttons.html.erb (0.1ms)
I, [2014-10-21T19:42:41.750766 #10597]  INFO -- :   Rendered application/_expand_buttons.html.erb (0.1ms)
I, [2014-10-21T19:42:41.763534 #10597]  INFO -- :   Rendered routes/_route_details.html.erb (14.0ms)
I, [2014-10-21T19:42:41.766217 #10597]  INFO -- :   Rendered application/_expand_buttons.html.erb (0.2ms)
I, [2014-10-21T19:42:41.767204 #10597]  INFO -- :   Rendered application/_expand_buttons.html.erb (0.1ms)
I, [2014-10-21T19:42:41.779732 #10597]  INFO -- :   Rendered routes/_route_details.html.erb (13.8ms)
I, [2014-10-21T19:42:41.780818 #10597]  INFO -- :   Rendered application/_expand_buttons.html.erb (0.1ms)
I, [2014-10-21T19:42:41.782877 #10597]  INFO -- :   Rendered application/_expand_buttons.html.erb (0.1ms)
I, [2014-10-21T19:42:41.795526 #10597]  INFO -- :   Rendered routes/_route_details.html.erb (14.9ms)
I, [2014-10-21T19:42:41.796706 #10597]  INFO -- :   Rendered application/_expand_buttons.html.erb (0.1ms)
I, [2014-10-21T19:42:41.798740 #10597]  INFO -- :   Rendered application/_expand_buttons.html.erb (0.1ms)
I, [2014-10-21T19:42:41.811569 #10597]  INFO -- :   Rendered routes/_route_details.html.erb (15.1ms)
I, [2014-10-21T19:42:41.812640 #10597]  INFO -- :   Rendered application/_expand_buttons.html.erb (0.1ms)
I, [2014-10-21T19:42:41.814584 #10597]  INFO -- :   Rendered application/_expand_buttons.html.erb (0.1ms)
I, [2014-10-21T19:42:41.827630 #10597]  INFO -- :   Rendered routes/_route_details.html.erb (15.2ms)
I, [2014-10-21T19:42:41.831741 #10597]  INFO -- :   Rendered application/_expand_buttons.html.erb (0.1ms)
I, [2014-10-21T19:42:41.832723 #10597]  INFO -- :   Rendered application/_expand_buttons.html.erb (0.1ms)
I, [2014-10-21T19:42:41.845692 #10597]  INFO -- :   Rendered routes/_route_details.html.erb (14.1ms)
I, [2014-10-21T19:42:41.848910 #10597]  INFO -- :   Rendered application/_expand_buttons.html.erb (0.1ms)
I, [2014-10-21T19:42:41.849922 #10597]  INFO -- :   Rendered application/_expand_buttons.html.erb (0.1ms)
I, [2014-10-21T19:42:41.863224 #10597]  INFO -- :   Rendered routes/_route_details.html.erb (14.5ms)
I, [2014-10-21T19:42:41.866191 #10597]  INFO -- :   Rendered application/_expand_buttons.html.erb (0.1ms)
I, [2014-10-21T19:42:41.867202 #10597]  INFO -- :   Rendered application/_expand_buttons.html.erb (0.1ms)
I, [2014-10-21T19:42:41.880077 #10597]  INFO -- :   Rendered routes/_route_details.html.erb (14.1ms)
I, [2014-10-21T19:42:41.883237 #10597]  INFO -- :   Rendered application/_expand_buttons.html.erb (0.1ms)
I, [2014-10-21T19:42:41.884278 #10597]  INFO -- :   Rendered application/_expand_buttons.html.erb (0.1ms)
I, [2014-10-21T19:42:41.895926 #10597]  INFO -- :   Rendered routes/_route_details.html.erb (12.9ms)
I, [2014-10-21T19:42:41.958363 #10597]  INFO -- :   Rendered application/_expand_buttons.html.erb (0.1ms)
I, [2014-10-21T19:42:41.961508 #10597]  INFO -- :   Rendered application/_expand_buttons.html.erb (0.1ms)
I, [2014-10-21T19:42:41.981395 #10597]  INFO -- :   Rendered routes/_route_details.html.erb (23.3ms)
I, [2014-10-21T19:42:41.985637 #10597]  INFO -- :   Rendered application/_expand_buttons.html.erb (0.1ms)
I, [2014-10-21T19:42:41.986780 #10597]  INFO -- :   Rendered application/_expand_buttons.html.erb (0.1ms)
I, [2014-10-21T19:42:41.999904 #10597]  INFO -- :   Rendered routes/_route_details.html.erb (14.5ms)
I, [2014-10-21T19:42:42.000306 #10597]  INFO -- :   Rendered search/_search_details.html.erb (286.3ms)
I, [2014-10-21T19:42:42.003735 #10597]  INFO -- :   Rendered application/_expand_buttons.html.erb (0.1ms)
I, [2014-10-21T19:42:42.004897 #10597]  INFO -- :   Rendered application/_expand_buttons.html.erb (0.1ms)
I, [2014-10-21T19:42:42.016801 #10597]  INFO -- :   Rendered routes/_route_details.html.erb (13.3ms)
I, [2014-10-21T19:42:42.021172 #10597]  INFO -- :   Rendered application/_expand_buttons.html.erb (0.1ms)
I, [2014-10-21T19:42:42.022303 #10597]  INFO -- :   Rendered application/_expand_buttons.html.erb (0.1ms)
I, [2014-10-21T19:42:42.035423 #10597]  INFO -- :   Rendered routes/_route_details.html.erb (14.5ms)
I, [2014-10-21T19:42:42.038968 #10597]  INFO -- :   Rendered application/_expand_buttons.html.erb (0.1ms)
I, [2014-10-21T19:42:42.039965 #10597]  INFO -- :   Rendered application/_expand_buttons.html.erb (0.1ms)
I, [2014-10-21T19:42:42.053224 #10597]  INFO -- :   Rendered routes/_route_details.html.erb (14.5ms)
I, [2014-10-21T19:42:42.055936 #10597]  INFO -- :   Rendered application/_expand_buttons.html.erb (0.1ms)
I, [2014-10-21T19:42:42.057102 #10597]  INFO -- :   Rendered application/_expand_buttons.html.erb (0.1ms)
I, [2014-10-21T19:42:42.070109 #10597]  INFO -- :   Rendered routes/_route_details.html.erb (14.4ms)
I, [2014-10-21T19:42:42.071119 #10597]  INFO -- :   Rendered application/_expand_buttons.html.erb (0.1ms)
I, [2014-10-21T19:42:42.073231 #10597]  INFO -- :   Rendered application/_expand_buttons.html.erb (0.1ms)
I, [2014-10-21T19:42:42.086371 #10597]  INFO -- :   Rendered routes/_route_details.html.erb (15.5ms)
I, [2014-10-21T19:42:42.087482 #10597]  INFO -- :   Rendered application/_expand_buttons.html.erb (0.1ms)
I, [2014-10-21T19:42:42.089550 #10597]  INFO -- :   Rendered application/_expand_buttons.html.erb (0.1ms)
I, [2014-10-21T19:42:42.102443 #10597]  INFO -- :   Rendered routes/_route_details.html.erb (15.1ms)
I, [2014-10-21T19:42:42.103497 #10597]  INFO -- :   Rendered application/_expand_buttons.html.erb (0.1ms)
I, [2014-10-21T19:42:42.105662 #10597]  INFO -- :   Rendered application/_expand_buttons.html.erb (0.1ms)
I, [2014-10-21T19:42:42.118735 #10597]  INFO -- :   Rendered routes/_route_details.html.erb (15.4ms)
I, [2014-10-21T19:42:42.121836 #10597]  INFO -- :   Rendered application/_expand_buttons.html.erb (0.1ms)
I, [2014-10-21T19:42:42.122882 #10597]  INFO -- :   Rendered application/_expand_buttons.html.erb (0.1ms)
I, [2014-10-21T19:42:42.135596 #10597]  INFO -- :   Rendered routes/_route_details.html.erb (14.0ms)
I, [2014-10-21T19:42:42.138462 #10597]  INFO -- :   Rendered application/_expand_buttons.html.erb (0.1ms)
I, [2014-10-21T19:42:42.139471 #10597]  INFO -- :   Rendered application/_expand_buttons.html.erb (0.1ms)
I, [2014-10-21T19:42:42.152006 #10597]  INFO -- :   Rendered routes/_route_details.html.erb (13.7ms)
I, [2014-10-21T19:42:42.154695 #10597]  INFO -- :   Rendered application/_expand_buttons.html.erb (0.1ms)
I, [2014-10-21T19:42:42.155687 #10597]  INFO -- :   Rendered application/_expand_buttons.html.erb (0.1ms)
I, [2014-10-21T19:42:42.168254 #10597]  INFO -- :   Rendered routes/_route_details.html.erb (13.8ms)
I, [2014-10-21T19:42:42.170843 #10597]  INFO -- :   Rendered application/_expand_buttons.html.erb (0.1ms)
I, [2014-10-21T19:42:42.171813 #10597]  INFO -- :   Rendered application/_expand_buttons.html.erb (0.1ms)
I, [2014-10-21T19:42:42.184153 #10597]  INFO -- :   Rendered routes/_route_details.html.erb (13.5ms)
I, [2014-10-21T19:42:42.187874 #10597]  INFO -- :   Rendered application/_expand_buttons.html.erb (0.1ms)
I, [2014-10-21T19:42:42.188859 #10597]  INFO -- :   Rendered application/_expand_buttons.html.erb (0.1ms)
I, [2014-10-21T19:42:42.201865 #10597]  INFO -- :   Rendered routes/_route_details.html.erb (14.2ms)
I, [2014-10-21T19:42:42.205581 #10597]  INFO -- :   Rendered application/_expand_buttons.html.erb (0.1ms)
I, [2014-10-21T19:42:42.206635 #10597]  INFO -- :   Rendered application/_expand_buttons.html.erb (0.1ms)
I, [2014-10-21T19:42:42.218946 #10597]  INFO -- :   Rendered routes/_route_details.html.erb (13.5ms)
I, [2014-10-21T19:42:42.219279 #10597]  INFO -- :   Rendered search/_search_details.html.erb (218.7ms)
I, [2014-10-21T19:42:42.222385 #10597]  INFO -- :   Rendered application/_expand_buttons.html.erb (0.1ms)
I, [2014-10-21T19:42:42.223387 #10597]  INFO -- :   Rendered application/_expand_buttons.html.erb (0.1ms)
I, [2014-10-21T19:42:42.235107 #10597]  INFO -- :   Rendered routes/_route_details.html.erb (12.9ms)
I, [2014-10-21T19:42:42.238982 #10597]  INFO -- :   Rendered application/_expand_buttons.html.erb (0.1ms)
I, [2014-10-21T19:42:42.240001 #10597]  INFO -- :   Rendered application/_expand_buttons.html.erb (0.1ms)
I, [2014-10-21T19:42:42.252637 #10597]  INFO -- :   Rendered routes/_route_details.html.erb (13.9ms)
I, [2014-10-21T19:42:42.255983 #10597]  INFO -- :   Rendered application/_expand_buttons.html.erb (0.1ms)
I, [2014-10-21T19:42:42.257092 #10597]  INFO -- :   Rendered application/_expand_buttons.html.erb (0.1ms)
I, [2014-10-21T19:42:42.269764 #10597]  INFO -- :   Rendered routes/_route_details.html.erb (14.0ms)
I, [2014-10-21T19:42:42.272438 #10597]  INFO -- :   Rendered application/_expand_buttons.html.erb (0.1ms)
I, [2014-10-21T19:42:42.273448 #10597]  INFO -- :   Rendered application/_expand_buttons.html.erb (0.1ms)
I, [2014-10-21T19:42:42.285960 #10597]  INFO -- :   Rendered routes/_route_details.html.erb (13.7ms)
I, [2014-10-21T19:42:42.287120 #10597]  INFO -- :   Rendered application/_expand_buttons.html.erb (0.1ms)
I, [2014-10-21T19:42:42.289175 #10597]  INFO -- :   Rendered application/_expand_buttons.html.erb (0.1ms)
I, [2014-10-21T19:42:42.301692 #10597]  INFO -- :   Rendered routes/_route_details.html.erb (14.8ms)
I, [2014-10-21T19:42:42.302816 #10597]  INFO -- :   Rendered application/_expand_buttons.html.erb (0.1ms)
I, [2014-10-21T19:42:42.304924 #10597]  INFO -- :   Rendered application/_expand_buttons.html.erb (0.1ms)
I, [2014-10-21T19:42:42.317410 #10597]  INFO -- :   Rendered routes/_route_details.html.erb (14.8ms)
I, [2014-10-21T19:42:42.318482 #10597]  INFO -- :   Rendered application/_expand_buttons.html.erb (0.1ms)
I, [2014-10-21T19:42:42.320535 #10597]  INFO -- :   Rendered application/_expand_buttons.html.erb (0.1ms)
I, [2014-10-21T19:42:42.399143 #10597]  INFO -- :   Rendered routes/_route_details.html.erb (80.8ms)
I, [2014-10-21T19:42:42.400558 #10597]  INFO -- :   Rendered application/_expand_buttons.html.erb (0.1ms)
I, [2014-10-21T19:42:42.402776 #10597]  INFO -- :   Rendered application/_expand_buttons.html.erb (0.1ms)
I, [2014-10-21T19:42:42.417057 #10597]  INFO -- :   Rendered routes/_route_details.html.erb (16.7ms)
I, [2014-10-21T19:42:42.418315 #10597]  INFO -- :   Rendered application/_expand_buttons.html.erb (0.1ms)
I, [2014-10-21T19:42:42.420567 #10597]  INFO -- :   Rendered application/_expand_buttons.html.erb (0.1ms)
I, [2014-10-21T19:42:42.434425 #10597]  INFO -- :   Rendered routes/_route_details.html.erb (16.3ms)
I, [2014-10-21T19:42:42.435926 #10597]  INFO -- :   Rendered application/_expand_buttons.html.erb (0.1ms)
I, [2014-10-21T19:42:42.438477 #10597]  INFO -- :   Rendered application/_expand_buttons.html.erb (0.1ms)
I, [2014-10-21T19:42:42.451299 #10597]  INFO -- :   Rendered routes/_route_details.html.erb (15.6ms)
I, [2014-10-21T19:42:42.452511 #10597]  INFO -- :   Rendered application/_expand_buttons.html.erb (0.1ms)
I, [2014-10-21T19:42:42.454671 #10597]  INFO -- :   Rendered application/_expand_buttons.html.erb (0.1ms)
I, [2014-10-21T19:42:42.466850 #10597]  INFO -- :   Rendered routes/_route_details.html.erb (14.6ms)
I, [2014-10-21T19:42:42.468058 #10597]  INFO -- :   Rendered application/_expand_buttons.html.erb (0.1ms)
I, [2014-10-21T19:42:42.470325 #10597]  INFO -- :   Rendered application/_expand_buttons.html.erb (0.1ms)
I, [2014-10-21T19:42:42.482290 #10597]  INFO -- :   Rendered routes/_route_details.html.erb (14.4ms)
I, [2014-10-21T19:42:42.485504 #10597]  INFO -- :   Rendered application/_expand_buttons.html.erb (0.1ms)
I, [2014-10-21T19:42:42.486542 #10597]  INFO -- :   Rendered application/_expand_buttons.html.erb (0.1ms)
I, [2014-10-21T19:42:42.501602 #10597]  INFO -- :   Rendered routes/_route_details.html.erb (16.3ms)
I, [2014-10-21T19:42:42.505723 #10597]  INFO -- :   Rendered application/_expand_buttons.html.erb (0.1ms)
I, [2014-10-21T19:42:42.506817 #10597]  INFO -- :   Rendered application/_expand_buttons.html.erb (0.1ms)
I, [2014-10-21T19:42:42.521542 #10597]  INFO -- :   Rendered routes/_route_details.html.erb (16.0ms)
I, [2014-10-21T19:42:42.525357 #10597]  INFO -- :   Rendered application/_expand_buttons.html.erb (0.1ms)
I, [2014-10-21T19:42:42.526411 #10597]  INFO -- :   Rendered application/_expand_buttons.html.erb (0.1ms)
I, [2014-10-21T19:42:42.540267 #10597]  INFO -- :   Rendered routes/_route_details.html.erb (15.1ms)
I, [2014-10-21T19:42:42.540646 #10597]  INFO -- :   Rendered search/_search_details.html.erb (321.0ms)
I, [2014-10-21T19:42:42.540849 #10597]  INFO -- :   Rendered search/_search.html.erb (1883.6ms)
I, [2014-10-21T19:42:42.541218 #10597]  INFO -- :   Rendered search/search.html.erb within layouts/application (1884.1ms)
I, [2014-10-21T19:42:42.542299 #10597]  INFO -- :   Rendered layouts/_shim.html.erb (0.1ms)
I, [2014-10-21T19:42:42.547107 #10597]  INFO -- :   Rendered maps/_styles.html.erb (4.5ms)
I, [2014-10-21T19:42:42.550058 #10597]  INFO -- :   Rendered layouts/_header.html.erb (2.7ms)
I, [2014-10-21T19:42:42.550505 #10597]  INFO -- :   Rendered maps/_map.html.erb (0.1ms)
I, [2014-10-21T19:42:42.551520 #10597]  INFO -- : Completed 200 OK in 2475ms (Views: 1780.1ms | ActiveRecord: 176.9ms)
I, [2014-10-21T19:42:44.001064 #10597]  INFO -- : Started GET "/messages" for 122.56.196.243 at 2014-10-21 19:42:44 -0400
I, [2014-10-21T19:42:44.004819 #10597]  INFO -- : Processing by MessagesController#index as JS
I, [2014-10-21T19:42:44.055537 #10597]  INFO -- :   Rendered application/_flash.html.erb (0.8ms)
I, [2014-10-21T19:42:44.071778 #10597]  INFO -- :   Rendered messages/_message_details_brief.html.erb (9.1ms)
I, [2014-10-21T19:42:44.075476 #10597]  INFO -- :   Rendered messages/_message_details_brief.html.erb (2.8ms)
I, [2014-10-21T19:42:44.085802 #10597]  INFO -- :   Rendered shared/_error_messages.html.erb (0.1ms)
I, [2014-10-21T19:42:44.101121 #10597]  INFO -- :   Rendered messages/_message_form.html.erb (19.0ms)
I, [2014-10-21T19:42:44.101705 #10597]  INFO -- :   Rendered messages/_index.html.erb (53.7ms)
I, [2014-10-21T19:42:44.102707 #10597]  INFO -- :   Rendered messages/index.js.erb (61.9ms)
I, [2014-10-21T19:42:44.103609 #10597]  INFO -- : Completed 200 OK in 98ms (Views: 70.0ms | ActiveRecord: 13.6ms)
I, [2014-10-21T19:42:47.603152 #10597]  INFO -- : Started GET "/forums" for 122.56.196.243 at 2014-10-21 19:42:47 -0400
I, [2014-10-21T19:42:47.606505 #10597]  INFO -- : Processing by ForumsController#index as JS
I, [2014-10-21T19:42:47.635354 #10597]  INFO -- :   Rendered application/_flash.html.erb (0.4ms)
I, [2014-10-21T19:42:47.637220 #10597]  INFO -- :   Rendered forums/_message_details_brief.html.erb (1.5ms)
I, [2014-10-21T19:42:47.638632 #10597]  INFO -- :   Rendered forums/_message_details_brief.html.erb (1.1ms)
I, [2014-10-21T19:42:47.639826 #10597]  INFO -- :   Rendered forums/_message_details_brief.html.erb (0.9ms)
I, [2014-10-21T19:42:47.641084 #10597]  INFO -- :   Rendered forums/_message_details_brief.html.erb (1.0ms)
I, [2014-10-21T19:42:47.642267 #10597]  INFO -- :   Rendered forums/_message_details_brief.html.erb (0.9ms)
I, [2014-10-21T19:42:47.643441 #10597]  INFO -- :   Rendered forums/_message_details_brief.html.erb (0.9ms)
I, [2014-10-21T19:42:47.644584 #10597]  INFO -- :   Rendered forums/_message_details_brief.html.erb (0.9ms)
I, [2014-10-21T19:42:47.645745 #10597]  INFO -- :   Rendered forums/_message_details_brief.html.erb (0.9ms)
I, [2014-10-21T19:42:47.646843 #10597]  INFO -- :   Rendered forums/_message_details_brief.html.erb (0.8ms)
I, [2014-10-21T19:42:47.647959 #10597]  INFO -- :   Rendered forums/_message_details_brief.html.erb (0.9ms)
I, [2014-10-21T19:42:47.649052 #10597]  INFO -- :   Rendered forums/_message_details_brief.html.erb (0.8ms)
I, [2014-10-21T19:42:47.650352 #10597]  INFO -- :   Rendered forums/_message_details_brief.html.erb (1.0ms)
I, [2014-10-21T19:42:47.651042 #10597]  INFO -- :   Rendered shared/_error_messages.html.erb (0.1ms)
I, [2014-10-21T19:42:47.652940 #10597]  INFO -- :   Rendered forums/_message_form.html.erb (2.3ms)
I, [2014-10-21T19:42:47.653129 #10597]  INFO -- :   Rendered forums/_show.html.erb (18.4ms)
I, [2014-10-21T19:42:47.653757 #10597]  INFO -- :   Rendered forums/show.js.erb (19.2ms)
I, [2014-10-21T19:42:47.654087 #10597]  INFO -- : Completed 200 OK in 47ms (Views: 19.5ms | ActiveRecord: 12.2ms)
I, [2014-10-21T19:42:56.380143 #10597]  INFO -- : Started GET "/" for 122.56.196.243 at 2014-10-21 19:42:56 -0400
I, [2014-10-21T19:42:56.382005 #10597]  INFO -- : Processing by StaticPagesController#home as JS
I, [2014-10-21T19:42:56.390157 #10597]  INFO -- :   Rendered application/_flash.html.erb (0.3ms)
I, [2014-10-21T19:42:56.390716 #10597]  INFO -- :   Rendered application/_flash.html.erb (0.0ms)
I, [2014-10-21T19:42:56.391214 #10597]  INFO -- :   Rendered search/_search.html.erb (0.6ms)
I, [2014-10-21T19:42:56.397037 #10597]  INFO -- :   Rendered reports/_index_details.html.erb (3.8ms)
I, [2014-10-21T19:42:56.406348 #10597]  INFO -- :   Rendered trips/_index_details.html.erb (7.9ms)
I, [2014-10-21T19:42:56.495666 #10597]  INFO -- :   Rendered routes/_index_details.html.erb (4.5ms)
I, [2014-10-21T19:42:56.496172 #10597]  INFO -- :   Rendered static_pages/_home.html.erb (106.4ms)
I, [2014-10-21T19:42:56.496933 #10597]  INFO -- :   Rendered static_pages/home.js.erb (107.4ms)
I, [2014-10-21T19:42:56.497392 #10597]  INFO -- : Completed 200 OK in 115ms (Views: 35.8ms | ActiveRecord: 74.7ms)
I, [2014-10-21T19:43:42.035170 #10597]  INFO -- : Started GET "/routes/253" for 122.56.196.243 at 2014-10-21 19:43:42 -0400
I, [2014-10-21T19:43:42.037763 #10597]  INFO -- : Processing by RoutesController#show as JS
I, [2014-10-21T19:43:42.037944 #10597]  INFO -- :   Parameters: {"id"=>"253"}
I, [2014-10-21T19:43:42.051856 #10597]  INFO -- :   Rendered application/_flash.html.erb (0.4ms)
I, [2014-10-21T19:43:42.052258 #10597]  INFO -- :   Rendered shared/_error_messages.html.erb (0.1ms)
I, [2014-10-21T19:43:42.052750 #10597]  INFO -- :   Rendered application/_expand_buttons.html.erb (0.1ms)
I, [2014-10-21T19:43:42.055649 #10597]  INFO -- :   Rendered application/_expand_buttons.html.erb (0.1ms)
I, [2014-10-21T19:43:42.077779 #10597]  INFO -- :   Rendered routes/_route_details.html.erb (25.2ms)
I, [2014-10-21T19:43:42.081595 #10597]  INFO -- :   Rendered routes/_show.html.erb (30.3ms)
I, [2014-10-21T19:43:42.082539 #10597]  INFO -- :   Rendered routes/show.js.erb (31.5ms)
I, [2014-10-21T19:43:42.082986 #10597]  INFO -- : Completed 200 OK in 45ms (Views: 24.7ms | ActiveRecord: 12.0ms)
I, [2014-10-21T19:43:49.152659 #10597]  INFO -- : Started GET "/places/208" for 122.56.196.243 at 2014-10-21 19:43:49 -0400
I, [2014-10-21T19:43:49.154671 #10597]  INFO -- : Processing by PlacesController#show as JS
I, [2014-10-21T19:43:49.154846 #10597]  INFO -- :   Parameters: {"id"=>"208"}
I, [2014-10-21T19:43:49.168353 #10597]  INFO -- :   Rendered application/_flash.html.erb (0.4ms)
I, [2014-10-21T19:43:49.171327 #10597]  INFO -- :   Rendered application/_expand_buttons.html.erb (0.1ms)
I, [2014-10-21T19:43:49.175550 #10597]  INFO -- :   Rendered application/_expand_buttons.html.erb (0.1ms)
I, [2014-10-21T19:43:49.178378 #10597]  INFO -- :   Rendered places/_place_details.html.erb (9.2ms)
I, [2014-10-21T19:43:49.184335 #10597]  INFO -- :   Rendered application/_expand_buttons.html.erb (0.1ms)
I, [2014-10-21T19:43:49.186356 #10597]  INFO -- :   Rendered application/_expand_buttons.html.erb (0.1ms)
I, [2014-10-21T19:43:49.203871 #10597]  INFO -- :   Rendered routes/_route_details.html.erb (19.7ms)
I, [2014-10-21T19:43:49.204257 #10597]  INFO -- :   Rendered routes/_search_details.html.erb (21.4ms)
I, [2014-10-21T19:43:49.206713 #10597]  INFO -- :   Rendered places/_show.html.erb (40.5ms)
I, [2014-10-21T19:43:49.207732 #10597]  INFO -- :   Rendered places/show.js.erb (42.8ms)
I, [2014-10-21T19:43:49.208172 #10597]  INFO -- : Completed 200 OK in 53ms (Views: 35.0ms | ActiveRecord: 12.4ms)
I, [2014-10-21T19:44:15.771494 #10597]  INFO -- : Started GET "/places/76" for 122.56.196.243 at 2014-10-21 19:44:15 -0400
I, [2014-10-21T19:44:15.773912 #10597]  INFO -- : Processing by PlacesController#show as JS
I, [2014-10-21T19:44:15.774107 #10597]  INFO -- :   Parameters: {"id"=>"76"}
I, [2014-10-21T19:44:15.786415 #10597]  INFO -- :   Rendered application/_flash.html.erb (0.4ms)
I, [2014-10-21T19:44:15.787122 #10597]  INFO -- :   Rendered application/_expand_buttons.html.erb (0.1ms)
I, [2014-10-21T19:44:15.790543 #10597]  INFO -- :   Rendered application/_expand_buttons.html.erb (0.1ms)
I, [2014-10-21T19:44:15.793188 #10597]  INFO -- :   Rendered places/_place_details.html.erb (6.3ms)
I, [2014-10-21T19:44:15.885845 #10597]  INFO -- :   Rendered application/_expand_buttons.html.erb (0.1ms)
I, [2014-10-21T19:44:15.887014 #10597]  INFO -- :   Rendered application/_expand_buttons.html.erb (0.1ms)
I, [2014-10-21T19:44:15.905861 #10597]  INFO -- :   Rendered routes/_route_details.html.erb (20.3ms)
I, [2014-10-21T19:44:15.927169 #10597]  INFO -- :   Rendered application/_expand_buttons.html.erb (0.1ms)
I, [2014-10-21T19:44:15.927986 #10597]  INFO -- :   Rendered application/_expand_buttons.html.erb (0.1ms)
I, [2014-10-21T19:44:15.942718 #10597]  INFO -- :   Rendered routes/_route_details.html.erb (15.8ms)
I, [2014-10-21T19:44:15.943106 #10597]  INFO -- :   Rendered routes/_search_details.html.erb (60.8ms)
I, [2014-10-21T19:44:15.947125 #10597]  INFO -- :   Rendered application/_expand_buttons.html.erb (0.1ms)
I, [2014-10-21T19:44:15.947732 #10597]  INFO -- :   Rendered application/_expand_buttons.html.erb (0.1ms)
I, [2014-10-21T19:44:15.960629 #10597]  INFO -- :   Rendered routes/_route_details.html.erb (13.7ms)
I, [2014-10-21T19:44:15.964741 #10597]  INFO -- :   Rendered application/_expand_buttons.html.erb (0.1ms)
I, [2014-10-21T19:44:15.965358 #10597]  INFO -- :   Rendered application/_expand_buttons.html.erb (0.1ms)
I, [2014-10-21T19:44:15.977098 #10597]  INFO -- :   Rendered routes/_route_details.html.erb (12.5ms)
I, [2014-10-21T19:44:15.980438 #10597]  INFO -- :   Rendered application/_expand_buttons.html.erb (0.1ms)
I, [2014-10-21T19:44:15.981082 #10597]  INFO -- :   Rendered application/_expand_buttons.html.erb (0.1ms)
I, [2014-10-21T19:44:15.992927 #10597]  INFO -- :   Rendered routes/_route_details.html.erb (12.7ms)
I, [2014-10-21T19:44:15.996062 #10597]  INFO -- :   Rendered application/_expand_buttons.html.erb (0.1ms)
I, [2014-10-21T19:44:15.996669 #10597]  INFO -- :   Rendered application/_expand_buttons.html.erb (0.1ms)
I, [2014-10-21T19:44:16.016401 #10597]  INFO -- :   Rendered routes/_route_details.html.erb (20.5ms)
I, [2014-10-21T19:44:16.016799 #10597]  INFO -- :   Rendered routes/_search_details.html.erb (72.6ms)
I, [2014-10-21T19:44:16.020461 #10597]  INFO -- :   Rendered places/_show.html.erb (234.6ms)
I, [2014-10-21T19:44:16.028109 #10597]  INFO -- :   Rendered places/show.js.erb (242.5ms)
I, [2014-10-21T19:44:16.028564 #10597]  INFO -- : Completed 200 OK in 254ms (Views: 218.3ms | ActiveRecord: 28.8ms)
I, [2014-10-21T19:44:35.726064 #10597]  INFO -- : Started GET "/routes/xrv-187xrv-186" for 122.56.196.243 at 2014-10-21 19:44:35 -0400
I, [2014-10-21T19:44:35.729606 #10597]  INFO -- : Processing by RoutesController#show as JS
I, [2014-10-21T19:44:35.729918 #10597]  INFO -- :   Parameters: {"id"=>"xrv-187xrv-186"}
I, [2014-10-21T19:44:35.869979 #10597]  INFO -- :   Rendered application/_flash.html.erb (0.6ms)
I, [2014-10-21T19:44:35.989823 #10597]  INFO -- :   Rendered application/_expand_buttons.html.erb (0.2ms)
I, [2014-10-21T19:44:35.991915 #10597]  INFO -- :   Rendered application/_expand_buttons.html.erb (0.2ms)
I, [2014-10-21T19:44:36.054747 #10597]  INFO -- :   Rendered routes/_route_details.html.erb (65.3ms)
I, [2014-10-21T19:44:36.080797 #10597]  INFO -- :   Rendered application/_expand_buttons.html.erb (0.2ms)
I, [2014-10-21T19:44:36.082453 #10597]  INFO -- :   Rendered application/_expand_buttons.html.erb (0.2ms)
I, [2014-10-21T19:44:36.124995 #10597]  INFO -- :   Rendered routes/_route_details.html.erb (44.6ms)
I, [2014-10-21T19:44:36.257756 #10597]  INFO -- :   Rendered application/_expand_buttons.html.erb (0.1ms)
I, [2014-10-21T19:44:36.259186 #10597]  INFO -- :   Rendered application/_expand_buttons.html.erb (0.2ms)
I, [2014-10-21T19:44:36.279930 #10597]  INFO -- :   Rendered routes/_route_details.html.erb (22.5ms)
I, [2014-10-21T19:44:36.287051 #10597]  INFO -- :   Rendered application/_expand_buttons.html.erb (0.2ms)
I, [2014-10-21T19:44:36.288147 #10597]  INFO -- :   Rendered application/_expand_buttons.html.erb (0.1ms)
I, [2014-10-21T19:44:36.307815 #10597]  INFO -- :   Rendered routes/_route_details.html.erb (21.0ms)
I, [2014-10-21T19:44:36.313262 #10597]  INFO -- :   Rendered application/_expand_buttons.html.erb (0.1ms)
I, [2014-10-21T19:44:36.314242 #10597]  INFO -- :   Rendered application/_expand_buttons.html.erb (0.1ms)
I, [2014-10-21T19:44:36.333226 #10597]  INFO -- :   Rendered routes/_route_details.html.erb (20.2ms)
I, [2014-10-21T19:44:36.338319 #10597]  INFO -- :   Rendered application/_expand_buttons.html.erb (0.1ms)
I, [2014-10-21T19:44:36.339309 #10597]  INFO -- :   Rendered application/_expand_buttons.html.erb (0.1ms)
I, [2014-10-21T19:44:36.358526 #10597]  INFO -- :   Rendered routes/_route_details.html.erb (20.5ms)
I, [2014-10-21T19:44:36.359121 #10597]  INFO -- :   Rendered routes/_search_details.html.erb (106.2ms)
I, [2014-10-21T19:44:36.484948 #10597]  INFO -- :   Rendered application/_expand_buttons.html.erb (0.1ms)
I, [2014-10-21T19:44:36.486305 #10597]  INFO -- :   Rendered application/_expand_buttons.html.erb (0.1ms)
I, [2014-10-21T19:44:36.508093 #10597]  INFO -- :   Rendered routes/_route_details.html.erb (23.5ms)
I, [2014-10-21T19:44:36.508787 #10597]  INFO -- :   Rendered routes/_search_details.html.erb (34.6ms)
I, [2014-10-21T19:44:36.515306 #10597]  INFO -- :   Rendered application/_expand_buttons.html.erb (0.1ms)
I, [2014-10-21T19:44:36.518261 #10597]  INFO -- :   Rendered application/_expand_buttons.html.erb (0.1ms)
I, [2014-10-21T19:44:36.538874 #10597]  INFO -- :   Rendered routes/_route_details.html.erb (23.8ms)
I, [2014-10-21T19:44:36.545020 #10597]  INFO -- :   Rendered application/_expand_buttons.html.erb (0.1ms)
I, [2014-10-21T19:44:36.546079 #10597]  INFO -- :   Rendered application/_expand_buttons.html.erb (0.1ms)
I, [2014-10-21T19:44:36.564561 #10597]  INFO -- :   Rendered routes/_route_details.html.erb (19.8ms)
I, [2014-10-21T19:44:36.569643 #10597]  INFO -- :   Rendered application/_expand_buttons.html.erb (0.2ms)
I, [2014-10-21T19:44:36.570664 #10597]  INFO -- :   Rendered application/_expand_buttons.html.erb (0.1ms)
I, [2014-10-21T19:44:36.588952 #10597]  INFO -- :   Rendered routes/_route_details.html.erb (19.6ms)
I, [2014-10-21T19:44:36.594087 #10597]  INFO -- :   Rendered application/_expand_buttons.html.erb (0.1ms)
I, [2014-10-21T19:44:36.595185 #10597]  INFO -- :   Rendered application/_expand_buttons.html.erb (0.1ms)
I, [2014-10-21T19:44:36.612845 #10597]  INFO -- :   Rendered routes/_route_details.html.erb (19.0ms)
I, [2014-10-21T19:44:36.613405 #10597]  INFO -- :   Rendered routes/_search_details.html.erb (103.1ms)
I, [2014-10-21T19:44:36.613713 #10597]  INFO -- :   Rendered routes/_show_many.html.erb (744.7ms)
I, [2014-10-21T19:44:36.620424 #10597]  INFO -- :   Rendered routes/show_many.js.erb (751.9ms)
I, [2014-10-21T19:44:36.621023 #10597]  INFO -- : Completed 200 OK in 891ms (Views: 693.5ms | ActiveRecord: 75.2ms)
I, [2014-10-21T19:44:57.410847 #10597]  INFO -- : Started POST "/routes/many" for 122.56.196.243 at 2014-10-21 19:44:57 -0400
I, [2014-10-21T19:44:57.415998 #10597]  INFO -- : Processing by RoutesController#many as JS
I, [2014-10-21T19:44:57.416355 #10597]  INFO -- :   Parameters: {"utf8"=>"✓", "route"=>"xrv-187xrv-186", "commit"=>"Add to trip"}
I, [2014-10-21T19:44:57.455262 #10597]  INFO -- :   Rendered application/_flash.html.erb (0.1ms)
I, [2014-10-21T19:44:57.465333 #10597]  INFO -- :   Rendered application/_expand_buttons.html.erb (0.1ms)
I, [2014-10-21T19:44:57.466225 #10597]  INFO -- :   Rendered application/_expand_buttons.html.erb (0.1ms)
I, [2014-10-21T19:44:57.486473 #10597]  INFO -- :   Rendered routes/_route_details.html.erb (21.4ms)
I, [2014-10-21T19:44:57.562032 #10597]  INFO -- :   Rendered application/_expand_buttons.html.erb (0.2ms)
I, [2014-10-21T19:44:57.563347 #10597]  INFO -- :   Rendered application/_expand_buttons.html.erb (0.1ms)
I, [2014-10-21T19:44:57.587740 #10597]  INFO -- :   Rendered routes/_route_details.html.erb (26.1ms)
I, [2014-10-21T19:44:57.588785 #10597]  INFO -- :   Rendered trips/_show.html.erb (133.9ms)
I, [2014-10-21T19:44:57.590058 #10597]  INFO -- :   Rendered trips/show.js.erb (135.4ms)
I, [2014-10-21T19:44:57.590524 #10597]  INFO -- : Completed 200 OK in 174ms (Views: 125.0ms | ActiveRecord: 27.3ms)
I, [2014-10-21T19:45:44.560737 #10597]  INFO -- : Started GET "/routes/62" for 122.56.196.243 at 2014-10-21 19:45:44 -0400
I, [2014-10-21T19:45:44.563938 #10597]  INFO -- : Processing by RoutesController#show as JS
I, [2014-10-21T19:45:44.564133 #10597]  INFO -- :   Parameters: {"id"=>"62"}
I, [2014-10-21T19:45:44.577417 #10597]  INFO -- :   Rendered application/_flash.html.erb (0.4ms)
I, [2014-10-21T19:45:44.577942 #10597]  INFO -- :   Rendered shared/_error_messages.html.erb (0.1ms)
I, [2014-10-21T19:45:44.578434 #10597]  INFO -- :   Rendered application/_expand_buttons.html.erb (0.1ms)
I, [2014-10-21T19:45:44.581458 #10597]  INFO -- :   Rendered application/_expand_buttons.html.erb (0.1ms)
I, [2014-10-21T19:45:44.603556 #10597]  INFO -- :   Rendered routes/_route_details.html.erb (25.3ms)
I, [2014-10-21T19:45:44.607156 #10597]  INFO -- :   Rendered routes/_show.html.erb (30.3ms)
I, [2014-10-21T19:45:44.608093 #10597]  INFO -- :   Rendered routes/show.js.erb (31.5ms)
I, [2014-10-21T19:45:44.608461 #10597]  INFO -- : Completed 200 OK in 44ms (Views: 24.3ms | ActiveRecord: 11.4ms)
I, [2014-10-21T19:46:14.472609 #10597]  INFO -- : Started GET "/" for 122.56.196.243 at 2014-10-21 19:46:14 -0400
I, [2014-10-21T19:46:14.474884 #10597]  INFO -- : Processing by StaticPagesController#home as JS
I, [2014-10-21T19:46:14.484571 #10597]  INFO -- :   Rendered application/_flash.html.erb (0.3ms)
I, [2014-10-21T19:46:14.485220 #10597]  INFO -- :   Rendered application/_flash.html.erb (0.0ms)
I, [2014-10-21T19:46:14.485760 #10597]  INFO -- :   Rendered search/_search.html.erb (0.7ms)
I, [2014-10-21T19:46:14.492024 #10597]  INFO -- :   Rendered reports/_index_details.html.erb (4.0ms)
I, [2014-10-21T19:46:14.501703 #10597]  INFO -- :   Rendered trips/_index_details.html.erb (8.2ms)
I, [2014-10-21T19:46:14.528939 #10597]  INFO -- :   Rendered routes/_index_details.html.erb (3.8ms)
I, [2014-10-21T19:46:14.529502 #10597]  INFO -- :   Rendered static_pages/_home.html.erb (45.4ms)
I, [2014-10-21T19:46:14.530235 #10597]  INFO -- :   Rendered static_pages/home.js.erb (46.4ms)
I, [2014-10-21T19:46:14.530661 #10597]  INFO -- : Completed 200 OK in 56ms (Views: 34.6ms | ActiveRecord: 15.7ms)
I, [2014-10-21T19:46:18.192470 #10597]  INFO -- : Started GET "/site_index" for 122.56.196.243 at 2014-10-21 19:46:18 -0400
I, [2014-10-21T19:46:18.194684 #10597]  INFO -- : Processing by RoutesController#site_index as JS
I, [2014-10-21T19:46:18.214186 #10597]  INFO -- :   Rendered application/_flash.html.erb (0.4ms)
I, [2014-10-21T19:46:23.625541 #10597]  INFO -- :   Rendered routes/_site_index.html.erb (5413.1ms)
I, [2014-10-21T19:46:23.834880 #10597]  INFO -- :   Rendered routes/site_index.js.erb (5625.5ms)
I, [2014-10-21T19:46:23.835875 #10597]  INFO -- : Completed 200 OK in 5641ms (Views: 5395.4ms | ActiveRecord: 239.7ms)
I, [2014-10-21T19:46:27.726310 #10597]  INFO -- : Started GET "/site_index" for 122.56.196.243 at 2014-10-21 19:46:27 -0400
I, [2014-10-21T19:46:27.729100 #10597]  INFO -- : Processing by RoutesController#site_index as JS
I, [2014-10-21T19:46:27.739492 #10597]  INFO -- :   Rendered application/_flash.html.erb (0.4ms)
I, [2014-10-21T19:46:34.360645 #10597]  INFO -- :   Rendered routes/_site_index.html.erb (6621.7ms)
I, [2014-10-21T19:46:34.654219 #10597]  INFO -- :   Rendered routes/site_index.js.erb (6915.5ms)
I, [2014-10-21T19:46:34.655217 #10597]  INFO -- : Completed 200 OK in 6926ms (Views: 6671.2ms | ActiveRecord: 248.3ms)
I, [2014-10-21T19:46:37.817636 #10597]  INFO -- : Started GET "/site_index" for 122.56.196.243 at 2014-10-21 19:46:37 -0400
I, [2014-10-21T19:46:37.820453 #10597]  INFO -- : Processing by RoutesController#site_index as JS
I, [2014-10-21T19:46:37.831133 #10597]  INFO -- :   Rendered application/_flash.html.erb (0.4ms)
I, [2014-10-21T19:46:44.104504 #10597]  INFO -- :   Rendered routes/_site_index.html.erb (6273.9ms)
I, [2014-10-21T19:46:44.405229 #10597]  INFO -- :   Rendered routes/site_index.js.erb (6574.5ms)
I, [2014-10-21T19:46:44.406177 #10597]  INFO -- : Completed 200 OK in 6585ms (Views: 6312.0ms | ActiveRecord: 267.0ms)
I, [2014-10-21T19:47:35.122230 #10597]  INFO -- : Started GET "/site_index" for 122.56.196.243 at 2014-10-21 19:47:35 -0400
I, [2014-10-21T19:47:35.124588 #10597]  INFO -- : Processing by RoutesController#site_index as HTML
I, [2014-10-21T19:47:35.137541 #10597]  INFO -- :   Rendered application/_flash.html.erb (0.4ms)
I, [2014-10-21T19:47:41.228964 #10597]  INFO -- :   Rendered routes/_site_index.html.erb (6093.3ms)
I, [2014-10-21T19:47:41.229694 #10597]  INFO -- :   Rendered routes/site_index.html.erb within layouts/application (6095.2ms)
I, [2014-10-21T19:47:41.230931 #10597]  INFO -- :   Rendered layouts/_shim.html.erb (0.1ms)
I, [2014-10-21T19:47:41.236044 #10597]  INFO -- :   Rendered maps/_styles.html.erb (4.8ms)
I, [2014-10-21T19:47:41.239819 #10597]  INFO -- :   Rendered layouts/_header.html.erb (3.4ms)
I, [2014-10-21T19:47:41.240164 #10597]  INFO -- :   Rendered maps/_map.html.erb (0.1ms)
I, [2014-10-21T19:47:41.241156 #10597]  INFO -- : Completed 200 OK in 6116ms (Views: 5842.6ms | ActiveRecord: 267.5ms)
I, [2014-10-21T19:48:15.261819 #10597]  INFO -- : Started GET "/site_index" for 122.56.196.243 at 2014-10-21 19:48:15 -0400
I, [2014-10-21T19:48:15.264249 #10597]  INFO -- : Processing by RoutesController#site_index as HTML
I, [2014-10-21T19:48:15.274487 #10597]  INFO -- :   Rendered application/_flash.html.erb (0.4ms)
I, [2014-10-21T19:48:21.507342 #10597]  INFO -- :   Rendered routes/_site_index.html.erb (6233.4ms)
I, [2014-10-21T19:48:21.508455 #10597]  INFO -- :   Rendered routes/site_index.html.erb within layouts/application (6234.7ms)
I, [2014-10-21T19:48:21.509703 #10597]  INFO -- :   Rendered layouts/_shim.html.erb (0.1ms)
I, [2014-10-21T19:48:21.514188 #10597]  INFO -- :   Rendered maps/_styles.html.erb (4.2ms)
I, [2014-10-21T19:48:21.517618 #10597]  INFO -- :   Rendered layouts/_header.html.erb (3.1ms)
I, [2014-10-21T19:48:21.517958 #10597]  INFO -- :   Rendered maps/_map.html.erb (0.1ms)
I, [2014-10-21T19:48:21.519602 #10597]  INFO -- : Completed 200 OK in 6255ms (Views: 5969.2ms | ActiveRecord: 279.6ms)
I, [2014-10-21T19:48:32.603165 #10597]  INFO -- : Started GET "/search/?route_startplace_id=419&route_endplace_id=271" for 188.165.15.64 at 2014-10-21 19:48:32 -0400
I, [2014-10-21T19:48:32.607011 #10597]  INFO -- : Processing by SearchController#search as */*
I, [2014-10-21T19:48:32.607225 #10597]  INFO -- :   Parameters: {"route_startplace_id"=>"419", "route_endplace_id"=>"271"}
I, [2014-10-21T19:48:33.880675 #10597]  INFO -- :   Rendered application/_flash.html.erb (0.2ms)
I, [2014-10-21T19:48:33.886087 #10597]  INFO -- :   Rendered application/_expand_buttons.html.erb (0.1ms)
I, [2014-10-21T19:48:33.887858 #10597]  INFO -- :   Rendered application/_expand_buttons.html.erb (0.1ms)
I, [2014-10-21T19:48:33.907524 #10597]  INFO -- :   Rendered routes/_route_details.html.erb (21.7ms)
I, [2014-10-21T19:48:33.912002 #10597]  INFO -- :   Rendered application/_expand_buttons.html.erb (0.1ms)
I, [2014-10-21T19:48:33.913103 #10597]  INFO -- :   Rendered application/_expand_buttons.html.erb (0.1ms)
I, [2014-10-21T19:48:33.927150 #10597]  INFO -- :   Rendered routes/_route_details.html.erb (15.4ms)
I, [2014-10-21T19:48:33.930679 #10597]  INFO -- :   Rendered application/_expand_buttons.html.erb (0.1ms)
I, [2014-10-21T19:48:33.931703 #10597]  INFO -- :   Rendered application/_expand_buttons.html.erb (0.1ms)
I, [2014-10-21T19:48:33.944948 #10597]  INFO -- :   Rendered routes/_route_details.html.erb (14.5ms)
I, [2014-10-21T19:48:33.949505 #10597]  INFO -- :   Rendered application/_expand_buttons.html.erb (0.1ms)
I, [2014-10-21T19:48:33.950608 #10597]  INFO -- :   Rendered application/_expand_buttons.html.erb (0.1ms)
I, [2014-10-21T19:48:33.965163 #10597]  INFO -- :   Rendered routes/_route_details.html.erb (15.9ms)
I, [2014-10-21T19:48:33.968705 #10597]  INFO -- :   Rendered application/_expand_buttons.html.erb (0.1ms)
I, [2014-10-21T19:48:33.969740 #10597]  INFO -- :   Rendered application/_expand_buttons.html.erb (0.1ms)
I, [2014-10-21T19:48:33.984267 #10597]  INFO -- :   Rendered routes/_route_details.html.erb (15.8ms)
I, [2014-10-21T19:48:33.985723 #10597]  INFO -- :   Rendered application/_expand_buttons.html.erb (0.1ms)
I, [2014-10-21T19:48:33.987951 #10597]  INFO -- :   Rendered application/_expand_buttons.html.erb (0.1ms)
I, [2014-10-21T19:48:34.002498 #10597]  INFO -- :   Rendered routes/_route_details.html.erb (17.0ms)
I, [2014-10-21T19:48:34.004067 #10597]  INFO -- :   Rendered application/_expand_buttons.html.erb (0.1ms)
I, [2014-10-21T19:48:34.006392 #10597]  INFO -- :   Rendered application/_expand_buttons.html.erb (0.1ms)
I, [2014-10-21T19:48:34.020793 #10597]  INFO -- :   Rendered routes/_route_details.html.erb (17.0ms)
I, [2014-10-21T19:48:34.022311 #10597]  INFO -- :   Rendered application/_expand_buttons.html.erb (0.1ms)
I, [2014-10-21T19:48:34.024547 #10597]  INFO -- :   Rendered application/_expand_buttons.html.erb (0.1ms)
I, [2014-10-21T19:48:34.038704 #10597]  INFO -- :   Rendered routes/_route_details.html.erb (16.6ms)
I, [2014-10-21T19:48:34.040220 #10597]  INFO -- :   Rendered application/_expand_buttons.html.erb (0.1ms)
I, [2014-10-21T19:48:34.042808 #10597]  INFO -- :   Rendered application/_expand_buttons.html.erb (0.2ms)
I, [2014-10-21T19:48:34.056587 #10597]  INFO -- :   Rendered routes/_route_details.html.erb (16.6ms)
I, [2014-10-21T19:48:34.060026 #10597]  INFO -- :   Rendered application/_expand_buttons.html.erb (0.1ms)
I, [2014-10-21T19:48:34.061140 #10597]  INFO -- :   Rendered application/_expand_buttons.html.erb (0.1ms)
I, [2014-10-21T19:48:34.075469 #10597]  INFO -- :   Rendered routes/_route_details.html.erb (15.7ms)
I, [2014-10-21T19:48:34.079699 #10597]  INFO -- :   Rendered application/_expand_buttons.html.erb (0.1ms)
I, [2014-10-21T19:48:34.080843 #10597]  INFO -- :   Rendered application/_expand_buttons.html.erb (0.1ms)
I, [2014-10-21T19:48:34.094885 #10597]  INFO -- :   Rendered routes/_route_details.html.erb (15.4ms)
I, [2014-10-21T19:48:34.098150 #10597]  INFO -- :   Rendered application/_expand_buttons.html.erb (0.1ms)
I, [2014-10-21T19:48:34.099224 #10597]  INFO -- :   Rendered application/_expand_buttons.html.erb (0.1ms)
I, [2014-10-21T19:48:34.113215 #10597]  INFO -- :   Rendered routes/_route_details.html.erb (15.3ms)
I, [2014-10-21T19:48:34.114710 #10597]  INFO -- :   Rendered application/_expand_buttons.html.erb (0.1ms)
I, [2014-10-21T19:48:34.116913 #10597]  INFO -- :   Rendered application/_expand_buttons.html.erb (0.1ms)
I, [2014-10-21T19:48:34.130998 #10597]  INFO -- :   Rendered routes/_route_details.html.erb (16.5ms)
I, [2014-10-21T19:48:34.132578 #10597]  INFO -- :   Rendered application/_expand_buttons.html.erb (0.1ms)
I, [2014-10-21T19:48:34.134821 #10597]  INFO -- :   Rendered application/_expand_buttons.html.erb (0.1ms)
I, [2014-10-21T19:48:34.148888 #10597]  INFO -- :   Rendered routes/_route_details.html.erb (16.5ms)
I, [2014-10-21T19:48:34.150350 #10597]  INFO -- :   Rendered application/_expand_buttons.html.erb (0.1ms)
I, [2014-10-21T19:48:34.152438 #10597]  INFO -- :   Rendered application/_expand_buttons.html.erb (0.1ms)
I, [2014-10-21T19:48:34.165237 #10597]  INFO -- :   Rendered routes/_route_details.html.erb (15.1ms)
I, [2014-10-21T19:48:34.165660 #10597]  INFO -- :   Rendered search/_search_details.html.erb (284.2ms)
I, [2014-10-21T19:48:34.165877 #10597]  INFO -- :   Rendered search/_search.html.erb (285.6ms)
I, [2014-10-21T19:48:34.166097 #10597]  INFO -- :   Rendered search/search.html.erb within layouts/application (286.0ms)
I, [2014-10-21T19:48:34.167113 #10597]  INFO -- :   Rendered layouts/_shim.html.erb (0.1ms)
I, [2014-10-21T19:48:34.171526 #10597]  INFO -- :   Rendered maps/_styles.html.erb (4.2ms)
I, [2014-10-21T19:48:34.174189 #10597]  INFO -- :   Rendered layouts/_header.html.erb (2.4ms)
I, [2014-10-21T19:48:34.174500 #10597]  INFO -- :   Rendered maps/_map.html.erb (0.1ms)
I, [2014-10-21T19:48:34.175213 #10597]  INFO -- : Completed 200 OK in 1568ms (Views: 264.8ms | ActiveRecord: 358.4ms)
I, [2014-10-21T19:48:50.824383 #10597]  INFO -- : Started GET "/search/?route_startplace_id=471&route_endplace_id=1159" for 122.56.196.243 at 2014-10-21 19:48:50 -0400
I, [2014-10-21T19:48:50.828991 #10597]  INFO -- : Processing by SearchController#search as JS
I, [2014-10-21T19:48:50.829391 #10597]  INFO -- :   Parameters: {"route_startplace_id"=>"471", "route_endplace_id"=>"1159"}
I, [2014-10-21T19:48:52.158108 #10597]  INFO -- :   Rendered application/_flash.html.erb (0.5ms)
I, [2014-10-21T19:48:52.162669 #10597]  INFO -- :   Rendered application/_expand_buttons.html.erb (0.1ms)
I, [2014-10-21T19:48:52.164627 #10597]  INFO -- :   Rendered application/_expand_buttons.html.erb (0.1ms)
I, [2014-10-21T19:48:52.185018 #10597]  INFO -- :   Rendered routes/_route_details.html.erb (22.6ms)
I, [2014-10-21T19:48:52.189081 #10597]  INFO -- :   Rendered application/_expand_buttons.html.erb (0.1ms)
I, [2014-10-21T19:48:52.189802 #10597]  INFO -- :   Rendered application/_expand_buttons.html.erb (0.1ms)
I, [2014-10-21T19:48:52.204600 #10597]  INFO -- :   Rendered routes/_route_details.html.erb (15.7ms)
I, [2014-10-21T19:48:52.208099 #10597]  INFO -- :   Rendered application/_expand_buttons.html.erb (0.1ms)
I, [2014-10-21T19:48:52.208844 #10597]  INFO -- :   Rendered application/_expand_buttons.html.erb (0.1ms)
I, [2014-10-21T19:48:52.222259 #10597]  INFO -- :   Rendered routes/_route_details.html.erb (14.3ms)
I, [2014-10-21T19:48:52.223678 #10597]  INFO -- :   Rendered application/_expand_buttons.html.erb (0.1ms)
I, [2014-10-21T19:48:52.225553 #10597]  INFO -- :   Rendered application/_expand_buttons.html.erb (0.1ms)
I, [2014-10-21T19:48:52.239323 #10597]  INFO -- :   Rendered routes/_route_details.html.erb (15.8ms)
I, [2014-10-21T19:48:52.240701 #10597]  INFO -- :   Rendered application/_expand_buttons.html.erb (0.1ms)
I, [2014-10-21T19:48:52.242444 #10597]  INFO -- :   Rendered application/_expand_buttons.html.erb (0.1ms)
I, [2014-10-21T19:48:52.348353 #10597]  INFO -- :   Rendered routes/_route_details.html.erb (107.8ms)
I, [2014-10-21T19:48:52.350340 #10597]  INFO -- :   Rendered application/_expand_buttons.html.erb (0.1ms)
I, [2014-10-21T19:48:52.352367 #10597]  INFO -- :   Rendered application/_expand_buttons.html.erb (0.1ms)
I, [2014-10-21T19:48:52.367046 #10597]  INFO -- :   Rendered routes/_route_details.html.erb (16.9ms)
I, [2014-10-21T19:48:52.368529 #10597]  INFO -- :   Rendered application/_expand_buttons.html.erb (0.1ms)
I, [2014-10-21T19:48:52.370361 #10597]  INFO -- :   Rendered application/_expand_buttons.html.erb (0.1ms)
I, [2014-10-21T19:48:52.383241 #10597]  INFO -- :   Rendered routes/_route_details.html.erb (15.0ms)
I, [2014-10-21T19:48:52.387749 #10597]  INFO -- :   Rendered application/_expand_buttons.html.erb (0.1ms)
I, [2014-10-21T19:48:52.389741 #10597]  INFO -- :   Rendered application/_expand_buttons.html.erb (0.1ms)
I, [2014-10-21T19:48:52.407647 #10597]  INFO -- :   Rendered routes/_route_details.html.erb (20.0ms)
I, [2014-10-21T19:48:52.409285 #10597]  INFO -- :   Rendered application/_expand_buttons.html.erb (0.1ms)
I, [2014-10-21T19:48:52.411195 #10597]  INFO -- :   Rendered application/_expand_buttons.html.erb (0.1ms)
I, [2014-10-21T19:48:52.424222 #10597]  INFO -- :   Rendered routes/_route_details.html.erb (15.2ms)
I, [2014-10-21T19:48:52.424682 #10597]  INFO -- :   Rendered search/_search_details.html.erb (265.7ms)
I, [2014-10-21T19:48:52.428300 #10597]  INFO -- :   Rendered application/_expand_buttons.html.erb (0.1ms)
I, [2014-10-21T19:48:52.428942 #10597]  INFO -- :   Rendered application/_expand_buttons.html.erb (0.1ms)
I, [2014-10-21T19:48:52.442342 #10597]  INFO -- :   Rendered routes/_route_details.html.erb (14.2ms)
I, [2014-10-21T19:48:52.443840 #10597]  INFO -- :   Rendered application/_expand_buttons.html.erb (0.1ms)
I, [2014-10-21T19:48:52.445640 #10597]  INFO -- :   Rendered application/_expand_buttons.html.erb (0.1ms)
I, [2014-10-21T19:48:52.459631 #10597]  INFO -- :   Rendered routes/_route_details.html.erb (16.0ms)
I, [2014-10-21T19:48:52.461256 #10597]  INFO -- :   Rendered application/_expand_buttons.html.erb (0.1ms)
I, [2014-10-21T19:48:52.463152 #10597]  INFO -- :   Rendered application/_expand_buttons.html.erb (0.1ms)
I, [2014-10-21T19:48:52.477725 #10597]  INFO -- :   Rendered routes/_route_details.html.erb (16.7ms)
I, [2014-10-21T19:48:52.479277 #10597]  INFO -- :   Rendered application/_expand_buttons.html.erb (0.1ms)
I, [2014-10-21T19:48:52.481184 #10597]  INFO -- :   Rendered application/_expand_buttons.html.erb (0.1ms)
I, [2014-10-21T19:48:52.494957 #10597]  INFO -- :   Rendered routes/_route_details.html.erb (15.9ms)
I, [2014-10-21T19:48:52.496818 #10597]  INFO -- :   Rendered application/_expand_buttons.html.erb (0.1ms)
I, [2014-10-21T19:48:52.498930 #10597]  INFO -- :   Rendered application/_expand_buttons.html.erb (0.1ms)
I, [2014-10-21T19:48:52.512311 #10597]  INFO -- :   Rendered routes/_route_details.html.erb (15.7ms)
I, [2014-10-21T19:48:52.518026 #10597]  INFO -- :   Rendered application/_expand_buttons.html.erb (0.1ms)
I, [2014-10-21T19:48:52.518742 #10597]  INFO -- :   Rendered application/_expand_buttons.html.erb (0.1ms)
I, [2014-10-21T19:48:52.532424 #10597]  INFO -- :   Rendered routes/_route_details.html.erb (14.6ms)
I, [2014-10-21T19:48:52.535954 #10597]  INFO -- :   Rendered application/_expand_buttons.html.erb (0.1ms)
I, [2014-10-21T19:48:52.536622 #10597]  INFO -- :   Rendered application/_expand_buttons.html.erb (0.1ms)
I, [2014-10-21T19:48:52.549371 #10597]  INFO -- :   Rendered routes/_route_details.html.erb (13.6ms)
I, [2014-10-21T19:48:52.553738 #10597]  INFO -- :   Rendered application/_expand_buttons.html.erb (0.1ms)
I, [2014-10-21T19:48:52.554430 #10597]  INFO -- :   Rendered application/_expand_buttons.html.erb (0.1ms)
I, [2014-10-21T19:48:52.568088 #10597]  INFO -- :   Rendered routes/_route_details.html.erb (14.5ms)
I, [2014-10-21T19:48:52.571990 #10597]  INFO -- :   Rendered application/_expand_buttons.html.erb (0.1ms)
I, [2014-10-21T19:48:52.572626 #10597]  INFO -- :   Rendered application/_expand_buttons.html.erb (0.1ms)
I, [2014-10-21T19:48:52.584935 #10597]  INFO -- :   Rendered routes/_route_details.html.erb (13.2ms)
I, [2014-10-21T19:48:52.588889 #10597]  INFO -- :   Rendered application/_expand_buttons.html.erb (0.1ms)
I, [2014-10-21T19:48:52.589596 #10597]  INFO -- :   Rendered application/_expand_buttons.html.erb (0.1ms)
I, [2014-10-21T19:48:52.602455 #10597]  INFO -- :   Rendered routes/_route_details.html.erb (13.8ms)
I, [2014-10-21T19:48:52.607053 #10597]  INFO -- :   Rendered application/_expand_buttons.html.erb (0.1ms)
I, [2014-10-21T19:48:52.607823 #10597]  INFO -- :   Rendered application/_expand_buttons.html.erb (0.1ms)
I, [2014-10-21T19:48:52.621133 #10597]  INFO -- :   Rendered routes/_route_details.html.erb (14.3ms)
I, [2014-10-21T19:48:52.621487 #10597]  INFO -- :   Rendered search/_search_details.html.erb (196.5ms)
I, [2014-10-21T19:48:52.624839 #10597]  INFO -- :   Rendered application/_expand_buttons.html.erb (0.1ms)
I, [2014-10-21T19:48:52.625448 #10597]  INFO -- :   Rendered application/_expand_buttons.html.erb (0.1ms)
I, [2014-10-21T19:48:52.639030 #10597]  INFO -- :   Rendered routes/_route_details.html.erb (14.4ms)
I, [2014-10-21T19:48:52.640160 #10597]  INFO -- :   Rendered application/_expand_buttons.html.erb (0.1ms)
I, [2014-10-21T19:48:52.642018 #10597]  INFO -- :   Rendered application/_expand_buttons.html.erb (0.1ms)
I, [2014-10-21T19:48:52.655357 #10597]  INFO -- :   Rendered routes/_route_details.html.erb (15.4ms)
I, [2014-10-21T19:48:52.659087 #10597]  INFO -- :   Rendered application/_expand_buttons.html.erb (0.1ms)
I, [2014-10-21T19:48:52.659788 #10597]  INFO -- :   Rendered application/_expand_buttons.html.erb (0.1ms)
I, [2014-10-21T19:48:52.673697 #10597]  INFO -- :   Rendered routes/_route_details.html.erb (14.8ms)
I, [2014-10-21T19:48:52.676918 #10597]  INFO -- :   Rendered application/_expand_buttons.html.erb (0.1ms)
I, [2014-10-21T19:48:52.677610 #10597]  INFO -- :   Rendered application/_expand_buttons.html.erb (0.1ms)
I, [2014-10-21T19:48:52.691239 #10597]  INFO -- :   Rendered routes/_route_details.html.erb (14.5ms)
I, [2014-10-21T19:48:52.694383 #10597]  INFO -- :   Rendered application/_expand_buttons.html.erb (0.1ms)
I, [2014-10-21T19:48:52.695042 #10597]  INFO -- :   Rendered application/_expand_buttons.html.erb (0.1ms)
I, [2014-10-21T19:48:52.709209 #10597]  INFO -- :   Rendered routes/_route_details.html.erb (15.0ms)
I, [2014-10-21T19:48:52.712882 #10597]  INFO -- :   Rendered application/_expand_buttons.html.erb (0.1ms)
I, [2014-10-21T19:48:52.713503 #10597]  INFO -- :   Rendered application/_expand_buttons.html.erb (0.1ms)
I, [2014-10-21T19:48:52.726030 #10597]  INFO -- :   Rendered routes/_route_details.html.erb (13.3ms)
I, [2014-10-21T19:48:52.729187 #10597]  INFO -- :   Rendered application/_expand_buttons.html.erb (0.1ms)
I, [2014-10-21T19:48:52.729823 #10597]  INFO -- :   Rendered application/_expand_buttons.html.erb (0.1ms)
I, [2014-10-21T19:48:52.742026 #10597]  INFO -- :   Rendered routes/_route_details.html.erb (13.1ms)
I, [2014-10-21T19:48:52.747062 #10597]  INFO -- :   Rendered application/_expand_buttons.html.erb (0.1ms)
I, [2014-10-21T19:48:52.747770 #10597]  INFO -- :   Rendered application/_expand_buttons.html.erb (0.1ms)
I, [2014-10-21T19:48:52.760775 #10597]  INFO -- :   Rendered routes/_route_details.html.erb (13.9ms)
I, [2014-10-21T19:48:52.763914 #10597]  INFO -- :   Rendered application/_expand_buttons.html.erb (0.1ms)
I, [2014-10-21T19:48:52.764548 #10597]  INFO -- :   Rendered application/_expand_buttons.html.erb (0.1ms)
I, [2014-10-21T19:48:52.776649 #10597]  INFO -- :   Rendered routes/_route_details.html.erb (13.0ms)
I, [2014-10-21T19:48:52.780651 #10597]  INFO -- :   Rendered application/_expand_buttons.html.erb (0.1ms)
I, [2014-10-21T19:48:52.781299 #10597]  INFO -- :   Rendered application/_expand_buttons.html.erb (0.1ms)
I, [2014-10-21T19:48:52.793846 #10597]  INFO -- :   Rendered routes/_route_details.html.erb (13.4ms)
I, [2014-10-21T19:48:52.797281 #10597]  INFO -- :   Rendered application/_expand_buttons.html.erb (0.2ms)
I, [2014-10-21T19:48:52.797973 #10597]  INFO -- :   Rendered application/_expand_buttons.html.erb (0.1ms)
I, [2014-10-21T19:48:52.810162 #10597]  INFO -- :   Rendered routes/_route_details.html.erb (13.1ms)
I, [2014-10-21T19:48:52.813656 #10597]  INFO -- :   Rendered application/_expand_buttons.html.erb (0.1ms)
I, [2014-10-21T19:48:52.814277 #10597]  INFO -- :   Rendered application/_expand_buttons.html.erb (0.1ms)
I, [2014-10-21T19:48:52.825930 #10597]  INFO -- :   Rendered routes/_route_details.html.erb (12.5ms)
I, [2014-10-21T19:48:52.830171 #10597]  INFO -- :   Rendered application/_expand_buttons.html.erb (0.1ms)
I, [2014-10-21T19:48:52.830872 #10597]  INFO -- :   Rendered application/_expand_buttons.html.erb (0.1ms)
I, [2014-10-21T19:48:52.842872 #10597]  INFO -- :   Rendered routes/_route_details.html.erb (12.9ms)
I, [2014-10-21T19:48:52.843286 #10597]  INFO -- :   Rendered search/_search_details.html.erb (221.4ms)
I, [2014-10-21T19:48:52.936675 #10597]  INFO -- :   Rendered application/_expand_buttons.html.erb (0.1ms)
I, [2014-10-21T19:48:52.937868 #10597]  INFO -- :   Rendered application/_expand_buttons.html.erb (0.1ms)
I, [2014-10-21T19:48:52.952460 #10597]  INFO -- :   Rendered routes/_route_details.html.erb (16.1ms)
I, [2014-10-21T19:48:52.953609 #10597]  INFO -- :   Rendered application/_expand_buttons.html.erb (0.1ms)
I, [2014-10-21T19:48:52.955549 #10597]  INFO -- :   Rendered application/_expand_buttons.html.erb (0.1ms)
I, [2014-10-21T19:48:52.969009 #10597]  INFO -- :   Rendered routes/_route_details.html.erb (15.6ms)
I, [2014-10-21T19:48:52.972312 #10597]  INFO -- :   Rendered application/_expand_buttons.html.erb (0.1ms)
I, [2014-10-21T19:48:52.972971 #10597]  INFO -- :   Rendered application/_expand_buttons.html.erb (0.1ms)
I, [2014-10-21T19:48:52.986290 #10597]  INFO -- :   Rendered routes/_route_details.html.erb (14.2ms)
I, [2014-10-21T19:48:52.989215 #10597]  INFO -- :   Rendered application/_expand_buttons.html.erb (0.1ms)
I, [2014-10-21T19:48:52.989950 #10597]  INFO -- :   Rendered application/_expand_buttons.html.erb (0.1ms)
I, [2014-10-21T19:48:53.003610 #10597]  INFO -- :   Rendered routes/_route_details.html.erb (14.6ms)
I, [2014-10-21T19:48:53.006436 #10597]  INFO -- :   Rendered application/_expand_buttons.html.erb (0.1ms)
I, [2014-10-21T19:48:53.007111 #10597]  INFO -- :   Rendered application/_expand_buttons.html.erb (0.1ms)
I, [2014-10-21T19:48:53.020187 #10597]  INFO -- :   Rendered routes/_route_details.html.erb (14.0ms)
I, [2014-10-21T19:48:53.023819 #10597]  INFO -- :   Rendered application/_expand_buttons.html.erb (0.1ms)
I, [2014-10-21T19:48:53.024509 #10597]  INFO -- :   Rendered application/_expand_buttons.html.erb (0.1ms)
I, [2014-10-21T19:48:53.038322 #10597]  INFO -- :   Rendered routes/_route_details.html.erb (14.7ms)
I, [2014-10-21T19:48:53.042661 #10597]  INFO -- :   Rendered application/_expand_buttons.html.erb (0.1ms)
I, [2014-10-21T19:48:53.043333 #10597]  INFO -- :   Rendered application/_expand_buttons.html.erb (0.1ms)
I, [2014-10-21T19:48:53.057234 #10597]  INFO -- :   Rendered routes/_route_details.html.erb (14.8ms)
I, [2014-10-21T19:48:53.062359 #10597]  INFO -- :   Rendered application/_expand_buttons.html.erb (0.1ms)
I, [2014-10-21T19:48:53.063066 #10597]  INFO -- :   Rendered application/_expand_buttons.html.erb (0.1ms)
I, [2014-10-21T19:48:53.076483 #10597]  INFO -- :   Rendered routes/_route_details.html.erb (14.3ms)
I, [2014-10-21T19:48:53.079685 #10597]  INFO -- :   Rendered application/_expand_buttons.html.erb (0.1ms)
I, [2014-10-21T19:48:53.080421 #10597]  INFO -- :   Rendered application/_expand_buttons.html.erb (0.1ms)
I, [2014-10-21T19:48:53.092127 #10597]  INFO -- :   Rendered routes/_route_details.html.erb (12.7ms)
I, [2014-10-21T19:48:53.097168 #10597]  INFO -- :   Rendered application/_expand_buttons.html.erb (0.1ms)
I, [2014-10-21T19:48:53.097921 #10597]  INFO -- :   Rendered application/_expand_buttons.html.erb (0.1ms)
I, [2014-10-21T19:48:53.110720 #10597]  INFO -- :   Rendered routes/_route_details.html.erb (13.7ms)
I, [2014-10-21T19:48:53.113939 #10597]  INFO -- :   Rendered application/_expand_buttons.html.erb (0.1ms)
I, [2014-10-21T19:48:53.114611 #10597]  INFO -- :   Rendered application/_expand_buttons.html.erb (0.1ms)
I, [2014-10-21T19:48:53.126368 #10597]  INFO -- :   Rendered routes/_route_details.html.erb (12.6ms)
I, [2014-10-21T19:48:53.130505 #10597]  INFO -- :   Rendered application/_expand_buttons.html.erb (0.1ms)
I, [2014-10-21T19:48:53.131183 #10597]  INFO -- :   Rendered application/_expand_buttons.html.erb (0.1ms)
I, [2014-10-21T19:48:53.144239 #10597]  INFO -- :   Rendered routes/_route_details.html.erb (13.9ms)
I, [2014-10-21T19:48:53.147691 #10597]  INFO -- :   Rendered application/_expand_buttons.html.erb (0.1ms)
I, [2014-10-21T19:48:53.148365 #10597]  INFO -- :   Rendered application/_expand_buttons.html.erb (0.1ms)
I, [2014-10-21T19:48:53.160058 #10597]  INFO -- :   Rendered routes/_route_details.html.erb (12.6ms)
I, [2014-10-21T19:48:53.163549 #10597]  INFO -- :   Rendered application/_expand_buttons.html.erb (0.1ms)
I, [2014-10-21T19:48:53.164269 #10597]  INFO -- :   Rendered application/_expand_buttons.html.erb (0.1ms)
I, [2014-10-21T19:48:53.176343 #10597]  INFO -- :   Rendered routes/_route_details.html.erb (13.0ms)
I, [2014-10-21T19:48:53.180580 #10597]  INFO -- :   Rendered application/_expand_buttons.html.erb (0.1ms)
I, [2014-10-21T19:48:53.181271 #10597]  INFO -- :   Rendered application/_expand_buttons.html.erb (0.1ms)
I, [2014-10-21T19:48:53.193240 #10597]  INFO -- :   Rendered routes/_route_details.html.erb (12.8ms)
I, [2014-10-21T19:48:53.193613 #10597]  INFO -- :   Rendered search/_search_details.html.erb (265.4ms)
I, [2014-10-21T19:48:53.193823 #10597]  INFO -- :   Rendered search/_search.html.erb (1036.4ms)
I, [2014-10-21T19:48:53.211749 #10597]  INFO -- :   Rendered search/search.js.erb (1054.6ms)
I, [2014-10-21T19:48:53.212244 #10597]  INFO -- : Completed 200 OK in 2382ms (Views: 991.1ms | ActiveRecord: 210.8ms)
I, [2014-10-21T19:49:59.192649 #10597]  INFO -- : Started GET "/search/?route_startplace_id=997&route_endplace_id=998" for 66.249.77.152 at 2014-10-21 19:49:59 -0400
I, [2014-10-21T19:49:59.195760 #10597]  INFO -- : Processing by SearchController#search as */*
I, [2014-10-21T19:49:59.195959 #10597]  INFO -- :   Parameters: {"route_startplace_id"=>"997", "route_endplace_id"=>"998"}
I, [2014-10-21T19:49:59.244020 #10597]  INFO -- :   Rendered application/_flash.html.erb (0.2ms)
I, [2014-10-21T19:49:59.246627 #10597]  INFO -- :   Rendered application/_expand_buttons.html.erb (0.1ms)
I, [2014-10-21T19:49:59.249511 #10597]  INFO -- :   Rendered application/_expand_buttons.html.erb (0.1ms)
I, [2014-10-21T19:49:59.269129 #10597]  INFO -- :   Rendered routes/_route_details.html.erb (22.7ms)
I, [2014-10-21T19:49:59.269692 #10597]  INFO -- :   Rendered search/_search_details.html.erb (24.8ms)
I, [2014-10-21T19:49:59.269918 #10597]  INFO -- :   Rendered search/_search.html.erb (26.3ms)
I, [2014-10-21T19:49:59.270154 #10597]  INFO -- :   Rendered search/search.html.erb within layouts/application (26.7ms)
I, [2014-10-21T19:49:59.271360 #10597]  INFO -- :   Rendered layouts/_shim.html.erb (0.1ms)
I, [2014-10-21T19:49:59.275757 #10597]  INFO -- :   Rendered maps/_styles.html.erb (4.2ms)
I, [2014-10-21T19:49:59.278407 #10597]  INFO -- :   Rendered layouts/_header.html.erb (2.4ms)
I, [2014-10-21T19:49:59.278710 #10597]  INFO -- :   Rendered maps/_map.html.erb (0.1ms)
I, [2014-10-21T19:49:59.279381 #10597]  INFO -- : Completed 200 OK in 83ms (Views: 29.3ms | ActiveRecord: 19.3ms)
I, [2014-10-21T19:50:14.059623 #10597]  INFO -- : Started GET "/place/997" for 122.56.196.243 at 2014-10-21 19:50:14 -0400
F, [2014-10-21T19:50:14.061537 #10597] FATAL -- : 
ActionController::RoutingError (No route matches [GET] "/place/997"):
  actionpack (4.0.5) lib/action_dispatch/middleware/debug_exceptions.rb:21:in `call'
  actionpack (4.0.5) lib/action_dispatch/middleware/show_exceptions.rb:30:in `call'
  railties (4.0.5) lib/rails/rack/logger.rb:38:in `call_app'
  railties (4.0.5) lib/rails/rack/logger.rb:20:in `block in call'
  activesupport (4.0.5) lib/active_support/tagged_logging.rb:68:in `block in tagged'
  activesupport (4.0.5) lib/active_support/tagged_logging.rb:26:in `tagged'
  activesupport (4.0.5) lib/active_support/tagged_logging.rb:68:in `tagged'
  railties (4.0.5) lib/rails/rack/logger.rb:20:in `call'
  actionpack (4.0.5) lib/action_dispatch/middleware/request_id.rb:21:in `call'
  rack (1.5.2) lib/rack/methodoverride.rb:21:in `call'
  rack (1.5.2) lib/rack/runtime.rb:17:in `call'
  activesupport (4.0.5) lib/active_support/cache/strategy/local_cache.rb:83:in `call'
  rack (1.5.2) lib/rack/sendfile.rb:112:in `call'
  railties (4.0.5) lib/rails/engine.rb:511:in `call'
  railties (4.0.5) lib/rails/application.rb:97:in `call'
  passenger (4.0.45) lib/phusion_passenger/rack/thread_handler_extension.rb:74:in `process_request'
  passenger (4.0.45) lib/phusion_passenger/request_handler/thread_handler.rb:141:in `accept_and_process_next_request'
  passenger (4.0.45) lib/phusion_passenger/request_handler/thread_handler.rb:109:in `main_loop'
  passenger (4.0.45) lib/phusion_passenger/request_handler.rb:448:in `block (3 levels) in start_threads'


I, [2014-10-21T19:50:20.019574 #10597]  INFO -- : Started GET "/places/997" for 122.56.196.243 at 2014-10-21 19:50:20 -0400
I, [2014-10-21T19:50:20.021388 #10597]  INFO -- : Processing by PlacesController#show as HTML
I, [2014-10-21T19:50:20.021581 #10597]  INFO -- :   Parameters: {"id"=>"997"}
I, [2014-10-21T19:50:20.033660 #10597]  INFO -- :   Rendered application/_flash.html.erb (0.4ms)
I, [2014-10-21T19:50:20.034328 #10597]  INFO -- :   Rendered application/_expand_buttons.html.erb (0.1ms)
I, [2014-10-21T19:50:20.038374 #10597]  INFO -- :   Rendered application/_expand_buttons.html.erb (0.1ms)
I, [2014-10-21T19:50:20.041133 #10597]  INFO -- :   Rendered places/_place_details.html.erb (7.0ms)
I, [2014-10-21T19:50:20.069622 #10597]  INFO -- :   Rendered application/_expand_buttons.html.erb (0.1ms)
I, [2014-10-21T19:50:20.072879 #10597]  INFO -- :   Rendered application/_expand_buttons.html.erb (0.1ms)
I, [2014-10-21T19:50:20.094023 #10597]  INFO -- :   Rendered routes/_route_details.html.erb (24.8ms)
I, [2014-10-21T19:50:20.094570 #10597]  INFO -- :   Rendered routes/_search_details.html.erb (29.4ms)
I, [2014-10-21T19:50:20.099255 #10597]  INFO -- :   Rendered application/_expand_buttons.html.erb (0.1ms)
I, [2014-10-21T19:50:20.099969 #10597]  INFO -- :   Rendered application/_expand_buttons.html.erb (0.1ms)
I, [2014-10-21T19:50:20.204140 #10597]  INFO -- :   Rendered routes/_route_details.html.erb (105.0ms)
I, [2014-10-21T19:50:20.212211 #10597]  INFO -- :   Rendered application/_expand_buttons.html.erb (0.1ms)
I, [2014-10-21T19:50:20.213117 #10597]  INFO -- :   Rendered application/_expand_buttons.html.erb (0.1ms)
I, [2014-10-21T19:50:20.229236 #10597]  INFO -- :   Rendered routes/_route_details.html.erb (17.2ms)
I, [2014-10-21T19:50:20.234139 #10597]  INFO -- :   Rendered application/_expand_buttons.html.erb (0.1ms)
I, [2014-10-21T19:50:20.235029 #10597]  INFO -- :   Rendered application/_expand_buttons.html.erb (0.1ms)
I, [2014-10-21T19:50:20.248896 #10597]  INFO -- :   Rendered routes/_route_details.html.erb (15.0ms)
I, [2014-10-21T19:50:20.255337 #10597]  INFO -- :   Rendered application/_expand_buttons.html.erb (0.1ms)
I, [2014-10-21T19:50:20.256104 #10597]  INFO -- :   Rendered application/_expand_buttons.html.erb (0.1ms)
I, [2014-10-21T19:50:20.270251 #10597]  INFO -- :   Rendered routes/_route_details.html.erb (15.1ms)
I, [2014-10-21T19:50:20.270749 #10597]  INFO -- :   Rendered routes/_search_details.html.erb (174.9ms)
I, [2014-10-21T19:50:20.274689 #10597]  INFO -- :   Rendered places/_show.html.erb (241.7ms)
I, [2014-10-21T19:50:20.274956 #10597]  INFO -- :   Rendered places/show.html.erb within layouts/application (242.1ms)
I, [2014-10-21T19:50:20.275939 #10597]  INFO -- :   Rendered layouts/_shim.html.erb (0.1ms)
I, [2014-10-21T19:50:20.280919 #10597]  INFO -- :   Rendered maps/_styles.html.erb (4.6ms)
I, [2014-10-21T19:50:20.284716 #10597]  INFO -- :   Rendered layouts/_header.html.erb (3.5ms)
I, [2014-10-21T19:50:20.285087 #10597]  INFO -- :   Rendered maps/_map.html.erb (0.1ms)
I, [2014-10-21T19:50:20.285837 #10597]  INFO -- : Completed 200 OK in 264ms (Views: 224.8ms | ActiveRecord: 32.1ms)
I, [2014-10-21T19:50:25.097244 #10597]  INFO -- : Started GET "/search/?route_startplace_id=1078&route_endplace_id=1086" for 66.249.79.6 at 2014-10-21 19:50:25 -0400
I, [2014-10-21T19:50:25.104067 #10597]  INFO -- : Processing by SearchController#search as */*
I, [2014-10-21T19:50:25.104366 #10597]  INFO -- :   Parameters: {"route_startplace_id"=>"1078", "route_endplace_id"=>"1086"}
I, [2014-10-21T19:50:25.657949 #10597]  INFO -- :   Rendered application/_flash.html.erb (0.2ms)
I, [2014-10-21T19:50:25.660437 #10597]  INFO -- :   Rendered application/_expand_buttons.html.erb (0.1ms)
I, [2014-10-21T19:50:25.663328 #10597]  INFO -- :   Rendered application/_expand_buttons.html.erb (0.1ms)
I, [2014-10-21T19:50:25.683141 #10597]  INFO -- :   Rendered routes/_route_details.html.erb (22.9ms)
I, [2014-10-21T19:50:25.685095 #10597]  INFO -- :   Rendered application/_expand_buttons.html.erb (0.1ms)
I, [2014-10-21T19:50:25.687457 #10597]  INFO -- :   Rendered application/_expand_buttons.html.erb (0.1ms)
I, [2014-10-21T19:50:25.701815 #10597]  INFO -- :   Rendered routes/_route_details.html.erb (16.9ms)
I, [2014-10-21T19:50:25.703731 #10597]  INFO -- :   Rendered application/_expand_buttons.html.erb (0.1ms)
I, [2014-10-21T19:50:25.706178 #10597]  INFO -- :   Rendered application/_expand_buttons.html.erb (0.1ms)
I, [2014-10-21T19:50:25.720594 #10597]  INFO -- :   Rendered routes/_route_details.html.erb (17.1ms)
I, [2014-10-21T19:50:25.722458 #10597]  INFO -- :   Rendered application/_expand_buttons.html.erb (0.1ms)
I, [2014-10-21T19:50:25.724764 #10597]  INFO -- :   Rendered application/_expand_buttons.html.erb (0.1ms)
I, [2014-10-21T19:50:25.739504 #10597]  INFO -- :   Rendered routes/_route_details.html.erb (17.3ms)
I, [2014-10-21T19:50:25.741430 #10597]  INFO -- :   Rendered application/_expand_buttons.html.erb (0.1ms)
I, [2014-10-21T19:50:25.743733 #10597]  INFO -- :   Rendered application/_expand_buttons.html.erb (0.1ms)
I, [2014-10-21T19:50:25.758541 #10597]  INFO -- :   Rendered routes/_route_details.html.erb (17.3ms)
I, [2014-10-21T19:50:25.759075 #10597]  INFO -- :   Rendered search/_search_details.html.erb (100.3ms)
I, [2014-10-21T19:50:25.759339 #10597]  INFO -- :   Rendered search/_search.html.erb (101.8ms)
I, [2014-10-21T19:50:25.759556 #10597]  INFO -- :   Rendered search/search.html.erb within layouts/application (102.2ms)
I, [2014-10-21T19:50:25.760589 #10597]  INFO -- :   Rendered layouts/_shim.html.erb (0.1ms)
I, [2014-10-21T19:50:25.764849 #10597]  INFO -- :   Rendered maps/_styles.html.erb (4.0ms)
I, [2014-10-21T19:50:25.767470 #10597]  INFO -- :   Rendered layouts/_header.html.erb (2.3ms)
I, [2014-10-21T19:50:25.767770 #10597]  INFO -- :   Rendered maps/_map.html.erb (0.1ms)
I, [2014-10-21T19:50:25.768417 #10597]  INFO -- : Completed 200 OK in 664ms (Views: 95.2ms | ActiveRecord: 69.8ms)
I, [2014-10-21T19:50:30.796075 #10597]  INFO -- : Started GET "/places/998" for 122.56.196.243 at 2014-10-21 19:50:30 -0400
I, [2014-10-21T19:50:30.798166 #10597]  INFO -- : Processing by PlacesController#show as HTML
I, [2014-10-21T19:50:30.798419 #10597]  INFO -- :   Parameters: {"id"=>"998"}
I, [2014-10-21T19:50:30.809416 #10597]  INFO -- :   Rendered application/_flash.html.erb (0.3ms)
I, [2014-10-21T19:50:30.810049 #10597]  INFO -- :   Rendered application/_expand_buttons.html.erb (0.1ms)
I, [2014-10-21T19:50:30.813694 #10597]  INFO -- :   Rendered application/_expand_buttons.html.erb (0.1ms)
I, [2014-10-21T19:50:30.816342 #10597]  INFO -- :   Rendered places/_place_details.html.erb (6.5ms)
I, [2014-10-21T19:50:30.825351 #10597]  INFO -- :   Rendered application/_expand_buttons.html.erb (0.1ms)
I, [2014-10-21T19:50:30.827226 #10597]  INFO -- :   Rendered application/_expand_buttons.html.erb (0.1ms)
I, [2014-10-21T19:50:30.844691 #10597]  INFO -- :   Rendered routes/_route_details.html.erb (19.5ms)
I, [2014-10-21T19:50:30.845132 #10597]  INFO -- :   Rendered routes/_search_details.html.erb (21.3ms)
I, [2014-10-21T19:50:30.850207 #10597]  INFO -- :   Rendered application/_expand_buttons.html.erb (0.1ms)
I, [2014-10-21T19:50:30.850859 #10597]  INFO -- :   Rendered application/_expand_buttons.html.erb (0.1ms)
I, [2014-10-21T19:50:30.864310 #10597]  INFO -- :   Rendered routes/_route_details.html.erb (14.3ms)
I, [2014-10-21T19:50:30.864673 #10597]  INFO -- :   Rendered routes/_search_details.html.erb (18.4ms)
I, [2014-10-21T19:50:30.867962 #10597]  INFO -- :   Rendered places/_show.html.erb (59.1ms)
I, [2014-10-21T19:50:30.868183 #10597]  INFO -- :   Rendered places/show.html.erb within layouts/application (59.4ms)
I, [2014-10-21T19:50:30.868998 #10597]  INFO -- :   Rendered layouts/_shim.html.erb (0.0ms)
I, [2014-10-21T19:50:30.873082 #10597]  INFO -- :   Rendered maps/_styles.html.erb (3.8ms)
I, [2014-10-21T19:50:30.876286 #10597]  INFO -- :   Rendered layouts/_header.html.erb (2.9ms)
I, [2014-10-21T19:50:30.876584 #10597]  INFO -- :   Rendered maps/_map.html.erb (0.1ms)
I, [2014-10-21T19:50:30.877284 #10597]  INFO -- : Completed 200 OK in 79ms (Views: 55.8ms | ActiveRecord: 16.5ms)
